{"C:\\Users\\gsilv\\OneDrive\\Área de Trabalho\\Trabalho\\src\\app.ts": {"path":"C:\\Users\\gsilv\\OneDrive\\Área de Trabalho\\Trabalho\\src\\app.ts","statementMap":{"0":{"start":{"line":1,"column":0},"end":{"line":1,"column":30}},"1":{"start":{"line":2,"column":0},"end":{"line":2,"column":24}},"2":{"start":{"line":3,"column":0},"end":{"line":3,"column":38}},"3":{"start":{"line":4,"column":0},"end":{"line":4,"column":15}},"4":{"start":{"line":5,"column":0},"end":{"line":5,"column":44}},"5":{"start":{"line":7,"column":12},"end":{"line":7,"column":21}},"6":{"start":{"line":14,"column":9},"end":{"line":14,"column":12}},"7":{"start":{"line":9,"column":0},"end":{"line":9,"column":16}},"8":{"start":{"line":10,"column":0},"end":{"line":10,"column":24}},"9":{"start":{"line":12,"column":0},"end":{"line":12,"column":21}}},"fnMap":{},"branchMap":{},"s":{"0":0,"1":0,"2":0,"3":0,"4":0,"5":0,"6":0,"7":0,"8":0,"9":0},"f":{},"b":{}}
,"C:\\Users\\gsilv\\OneDrive\\Área de Trabalho\\Trabalho\\src\\server.ts": {"path":"C:\\Users\\gsilv\\OneDrive\\Área de Trabalho\\Trabalho\\src\\server.ts","statementMap":{"0":{"start":{"line":1,"column":0},"end":{"line":1,"column":23}},"1":{"start":{"line":2,"column":0},"end":{"line":2,"column":28}},"2":{"start":{"line":4,"column":13},"end":{"line":4,"column":37}},"3":{"start":{"line":6,"column":0},"end":{"line":8,"column":3}},"4":{"start":{"line":7,"column":2},"end":{"line":7,"column":52}}},"fnMap":{"0":{"name":"(anonymous_0)","decl":{"start":{"line":6,"column":17},"end":{"line":6,"column":20}},"loc":{"start":{"line":6,"column":22},"end":{"line":8,"column":1}}}},"branchMap":{"0":{"loc":{"start":{"line":4,"column":13},"end":{"line":4,"column":37}},"type":"binary-expr","locations":[{"start":{"line":4,"column":13},"end":{"line":4,"column":29}},{"start":{"line":4,"column":33},"end":{"line":4,"column":37}}]}},"s":{"0":0,"1":0,"2":0,"3":0,"4":0},"f":{"0":0},"b":{"0":[0,0]}}
,"C:\\Users\\gsilv\\OneDrive\\Área de Trabalho\\Trabalho\\src\\controllers\\CaronaController.ts": {"path":"C:\\Users\\gsilv\\OneDrive\\Área de Trabalho\\Trabalho\\src\\controllers\\CaronaController.ts","statementMap":{"0":{"start":{"line":8,"column":31},"end":{"line":8,"column":59}},"1":{"start":{"line":13,"column":35},"end":{"line":13,"column":36}},"2":{"start":{"line":14,"column":4},"end":{"line":14,"column":16}},"3":{"start":{"line":21,"column":66},"end":{"line":21,"column":72}},"4":{"start":{"line":22,"column":4},"end":{"line":26,"column":6}},"5":{"start":{"line":30,"column":4},"end":{"line":30,"column":80}},"6":{"start":{"line":30,"column":63},"end":{"line":30,"column":80}},"7":{"start":{"line":31,"column":14},"end":{"line":31,"column":37}},"8":{"start":{"line":32,"column":4},"end":{"line":34,"column":5}},"9":{"start":{"line":33,"column":6},"end":{"line":33,"column":99}},"10":{"start":{"line":35,"column":4},"end":{"line":35,"column":13}},"11":{"start":{"line":39,"column":4},"end":{"line":39,"column":80}},"12":{"start":{"line":39,"column":63},"end":{"line":39,"column":80}},"13":{"start":{"line":40,"column":14},"end":{"line":40,"column":41}},"14":{"start":{"line":41,"column":4},"end":{"line":41,"column":62}},"15":{"start":{"line":41,"column":50},"end":{"line":41,"column":62}},"16":{"start":{"line":42,"column":4},"end":{"line":42,"column":63}},"17":{"start":{"line":42,"column":50},"end":{"line":42,"column":63}},"18":{"start":{"line":43,"column":4},"end":{"line":43,"column":71}},"19":{"start":{"line":48,"column":4},"end":{"line":48,"column":80}},"20":{"start":{"line":48,"column":63},"end":{"line":48,"column":80}},"21":{"start":{"line":49,"column":16},"end":{"line":49,"column":36}},"22":{"start":{"line":50,"column":14},"end":{"line":50,"column":51}},"23":{"start":{"line":51,"column":4},"end":{"line":53,"column":5}},"24":{"start":{"line":52,"column":6},"end":{"line":52,"column":94}},"25":{"start":{"line":54,"column":14},"end":{"line":54,"column":26}},"26":{"start":{"line":55,"column":15},"end":{"line":55,"column":27}},"27":{"start":{"line":56,"column":14},"end":{"line":56,"column":26}},"28":{"start":{"line":57,"column":16},"end":{"line":57,"column":60}},"29":{"start":{"line":58,"column":16},"end":{"line":58,"column":65}},"30":{"start":{"line":59,"column":4},"end":{"line":59,"column":24}},"31":{"start":{"line":63,"column":4},"end":{"line":63,"column":80}},"32":{"start":{"line":63,"column":63},"end":{"line":63,"column":80}},"33":{"start":{"line":64,"column":14},"end":{"line":64,"column":41}},"34":{"start":{"line":65,"column":4},"end":{"line":67,"column":5}},"35":{"start":{"line":66,"column":6},"end":{"line":66,"column":66}},"36":{"start":{"line":68,"column":4},"end":{"line":68,"column":13}},"37":{"start":{"line":72,"column":4},"end":{"line":77,"column":5}},"38":{"start":{"line":73,"column":21},"end":{"line":73,"column":62}},"39":{"start":{"line":74,"column":6},"end":{"line":74,"column":50}},"40":{"start":{"line":76,"column":6},"end":{"line":76,"column":55}},"41":{"start":{"line":81,"column":4},"end":{"line":124,"column":5}},"42":{"start":{"line":82,"column":111},"end":{"line":82,"column":120}},"43":{"start":{"line":93,"column":10},"end":{"line":93,"column":12}},"44":{"start":{"line":95,"column":6},"end":{"line":95,"column":52}},"45":{"start":{"line":95,"column":18},"end":{"line":95,"column":52}},"46":{"start":{"line":96,"column":6},"end":{"line":96,"column":55}},"47":{"start":{"line":96,"column":19},"end":{"line":96,"column":55}},"48":{"start":{"line":97,"column":6},"end":{"line":97,"column":58}},"49":{"start":{"line":97,"column":18},"end":{"line":97,"column":58}},"50":{"start":{"line":98,"column":6},"end":{"line":98,"column":67}},"51":{"start":{"line":98,"column":23},"end":{"line":98,"column":67}},"52":{"start":{"line":100,"column":17},"end":{"line":100,"column":46}},"53":{"start":{"line":101,"column":6},"end":{"line":101,"column":55}},"54":{"start":{"line":101,"column":28},"end":{"line":101,"column":55}},"55":{"start":{"line":103,"column":18},"end":{"line":103,"column":45}},"56":{"start":{"line":104,"column":6},"end":{"line":113,"column":7}},"57":{"start":{"line":105,"column":8},"end":{"line":105,"column":38}},"58":{"start":{"line":106,"column":8},"end":{"line":106,"column":38}},"59":{"start":{"line":108,"column":21},"end":{"line":108,"column":51}},"60":{"start":{"line":109,"column":8},"end":{"line":109,"column":45}},"61":{"start":{"line":109,"column":18},"end":{"line":109,"column":45}},"62":{"start":{"line":111,"column":21},"end":{"line":111,"column":52}},"63":{"start":{"line":112,"column":8},"end":{"line":112,"column":45}},"64":{"start":{"line":112,"column":18},"end":{"line":112,"column":45}},"65":{"start":{"line":115,"column":20},"end":{"line":115,"column":79}},"66":{"start":{"line":116,"column":6},"end":{"line":116,"column":64}},"67":{"start":{"line":116,"column":31},"end":{"line":116,"column":64}},"68":{"start":{"line":118,"column":22},"end":{"line":118,"column":63}},"69":{"start":{"line":119,"column":26},"end":{"line":119,"column":81}},"70":{"start":{"line":119,"column":43},"end":{"line":119,"column":80}},"71":{"start":{"line":120,"column":6},"end":{"line":120,"column":28}},"72":{"start":{"line":122,"column":6},"end":{"line":122,"column":25}},"73":{"start":{"line":123,"column":6},"end":{"line":123,"column":55}},"74":{"start":{"line":128,"column":4},"end":{"line":134,"column":5}},"75":{"start":{"line":129,"column":22},"end":{"line":129,"column":62}},"76":{"start":{"line":130,"column":26},"end":{"line":130,"column":81}},"77":{"start":{"line":130,"column":43},"end":{"line":130,"column":80}},"78":{"start":{"line":131,"column":6},"end":{"line":131,"column":28}},"79":{"start":{"line":133,"column":6},"end":{"line":133,"column":55}},"80":{"start":{"line":138,"column":4},"end":{"line":144,"column":5}},"81":{"start":{"line":139,"column":21},"end":{"line":139,"column":31}},"82":{"start":{"line":140,"column":21},"end":{"line":140,"column":58}},"83":{"start":{"line":141,"column":6},"end":{"line":141,"column":59}},"84":{"start":{"line":143,"column":6},"end":{"line":143,"column":55}},"85":{"start":{"line":148,"column":4},"end":{"line":155,"column":5}},"86":{"start":{"line":149,"column":21},"end":{"line":149,"column":31}},"87":{"start":{"line":150,"column":22},"end":{"line":150,"column":66}},"88":{"start":{"line":151,"column":26},"end":{"line":151,"column":81}},"89":{"start":{"line":151,"column":43},"end":{"line":151,"column":80}},"90":{"start":{"line":152,"column":6},"end":{"line":152,"column":28}},"91":{"start":{"line":154,"column":6},"end":{"line":154,"column":55}},"92":{"start":{"line":159,"column":4},"end":{"line":165,"column":5}},"93":{"start":{"line":160,"column":21},"end":{"line":160,"column":31}},"94":{"start":{"line":161,"column":21},"end":{"line":161,"column":66}},"95":{"start":{"line":162,"column":6},"end":{"line":162,"column":59}},"96":{"start":{"line":164,"column":6},"end":{"line":164,"column":55}},"97":{"start":{"line":169,"column":4},"end":{"line":176,"column":5}},"98":{"start":{"line":170,"column":21},"end":{"line":170,"column":31}},"99":{"start":{"line":171,"column":25},"end":{"line":171,"column":33}},"100":{"start":{"line":172,"column":21},"end":{"line":172,"column":86}},"101":{"start":{"line":173,"column":6},"end":{"line":173,"column":59}},"102":{"start":{"line":175,"column":6},"end":{"line":175,"column":55}},"103":{"start":{"line":180,"column":4},"end":{"line":189,"column":5}},"104":{"start":{"line":181,"column":21},"end":{"line":181,"column":31}},"105":{"start":{"line":182,"column":21},"end":{"line":182,"column":60}},"106":{"start":{"line":183,"column":6},"end":{"line":186,"column":9}},"107":{"start":{"line":188,"column":6},"end":{"line":188,"column":55}},"108":{"start":{"line":7,"column":0},"end":{"line":7,"column":13}}},"fnMap":{"0":{"name":"(anonymous_0)","decl":{"start":{"line":8,"column":2},"end":{"line":8,"column":31}},"loc":{"start":{"line":8,"column":59},"end":{"line":10,"column":3}}},"1":{"name":"(anonymous_1)","decl":{"start":{"line":12,"column":10},"end":{"line":12,"column":25}},"loc":{"start":{"line":12,"column":36},"end":{"line":15,"column":3}}},"2":{"name":"(anonymous_2)","decl":{"start":{"line":17,"column":10},"end":{"line":17,"column":18}},"loc":{"start":{"line":17,"column":44},"end":{"line":27,"column":3}}},"3":{"name":"(anonymous_3)","decl":{"start":{"line":29,"column":10},"end":{"line":29,"column":27}},"loc":{"start":{"line":29,"column":42},"end":{"line":36,"column":3}}},"4":{"name":"(anonymous_4)","decl":{"start":{"line":38,"column":10},"end":{"line":38,"column":19}},"loc":{"start":{"line":38,"column":34},"end":{"line":44,"column":3}}},"5":{"name":"(anonymous_5)","decl":{"start":{"line":47,"column":10},"end":{"line":47,"column":26}},"loc":{"start":{"line":47,"column":41},"end":{"line":60,"column":3}}},"6":{"name":"(anonymous_6)","decl":{"start":{"line":62,"column":10},"end":{"line":62,"column":26}},"loc":{"start":{"line":62,"column":60},"end":{"line":69,"column":3}}},"7":{"name":"(anonymous_7)","decl":{"start":{"line":71,"column":2},"end":{"line":71,"column":7}},"loc":{"start":{"line":71,"column":42},"end":{"line":78,"column":3}}},"8":{"name":"(anonymous_8)","decl":{"start":{"line":80,"column":2},"end":{"line":80,"column":7}},"loc":{"start":{"line":80,"column":43},"end":{"line":125,"column":3}}},"9":{"name":"(anonymous_9)","decl":{"start":{"line":119,"column":38},"end":{"line":119,"column":39}},"loc":{"start":{"line":119,"column":43},"end":{"line":119,"column":80}}},"10":{"name":"(anonymous_10)","decl":{"start":{"line":127,"column":2},"end":{"line":127,"column":7}},"loc":{"start":{"line":127,"column":49},"end":{"line":135,"column":3}}},"11":{"name":"(anonymous_11)","decl":{"start":{"line":130,"column":38},"end":{"line":130,"column":39}},"loc":{"start":{"line":130,"column":43},"end":{"line":130,"column":80}}},"12":{"name":"(anonymous_12)","decl":{"start":{"line":137,"column":2},"end":{"line":137,"column":7}},"loc":{"start":{"line":137,"column":60},"end":{"line":145,"column":3}}},"13":{"name":"(anonymous_13)","decl":{"start":{"line":147,"column":2},"end":{"line":147,"column":7}},"loc":{"start":{"line":147,"column":67},"end":{"line":156,"column":3}}},"14":{"name":"(anonymous_14)","decl":{"start":{"line":151,"column":38},"end":{"line":151,"column":39}},"loc":{"start":{"line":151,"column":43},"end":{"line":151,"column":80}}},"15":{"name":"(anonymous_15)","decl":{"start":{"line":158,"column":2},"end":{"line":158,"column":7}},"loc":{"start":{"line":158,"column":58},"end":{"line":166,"column":3}}},"16":{"name":"(anonymous_16)","decl":{"start":{"line":168,"column":2},"end":{"line":168,"column":7}},"loc":{"start":{"line":168,"column":64},"end":{"line":177,"column":3}}},"17":{"name":"(anonymous_17)","decl":{"start":{"line":179,"column":2},"end":{"line":179,"column":7}},"loc":{"start":{"line":179,"column":58},"end":{"line":190,"column":3}}}},"branchMap":{"0":{"loc":{"start":{"line":24,"column":10},"end":{"line":24,"column":73}},"type":"cond-expr","locations":[{"start":{"line":24,"column":22},"end":{"line":24,"column":68}},{"start":{"line":24,"column":71},"end":{"line":24,"column":73}}]},"1":{"loc":{"start":{"line":25,"column":10},"end":{"line":25,"column":36}},"type":"cond-expr","locations":[{"start":{"line":25,"column":20},"end":{"line":25,"column":31}},{"start":{"line":25,"column":34},"end":{"line":25,"column":36}}]},"2":{"loc":{"start":{"line":30,"column":4},"end":{"line":30,"column":80}},"type":"if","locations":[{"start":{"line":30,"column":4},"end":{"line":30,"column":80}},{"start":{},"end":{}}]},"3":{"loc":{"start":{"line":30,"column":8},"end":{"line":30,"column":61}},"type":"binary-expr","locations":[{"start":{"line":30,"column":8},"end":{"line":30,"column":27}},{"start":{"line":30,"column":31},"end":{"line":30,"column":45}},{"start":{"line":30,"column":49},"end":{"line":30,"column":61}}]},"4":{"loc":{"start":{"line":32,"column":4},"end":{"line":34,"column":5}},"type":"if","locations":[{"start":{"line":32,"column":4},"end":{"line":34,"column":5}},{"start":{},"end":{}}]},"5":{"loc":{"start":{"line":39,"column":4},"end":{"line":39,"column":80}},"type":"if","locations":[{"start":{"line":39,"column":4},"end":{"line":39,"column":80}},{"start":{},"end":{}}]},"6":{"loc":{"start":{"line":39,"column":8},"end":{"line":39,"column":61}},"type":"binary-expr","locations":[{"start":{"line":39,"column":8},"end":{"line":39,"column":27}},{"start":{"line":39,"column":31},"end":{"line":39,"column":45}},{"start":{"line":39,"column":49},"end":{"line":39,"column":61}}]},"7":{"loc":{"start":{"line":41,"column":4},"end":{"line":41,"column":62}},"type":"if","locations":[{"start":{"line":41,"column":4},"end":{"line":41,"column":62}},{"start":{},"end":{}}]},"8":{"loc":{"start":{"line":41,"column":8},"end":{"line":41,"column":48}},"type":"binary-expr","locations":[{"start":{"line":41,"column":8},"end":{"line":41,"column":20}},{"start":{"line":41,"column":24},"end":{"line":41,"column":33}},{"start":{"line":41,"column":37},"end":{"line":41,"column":48}}]},"9":{"loc":{"start":{"line":42,"column":4},"end":{"line":42,"column":63}},"type":"if","locations":[{"start":{"line":42,"column":4},"end":{"line":42,"column":63}},{"start":{},"end":{}}]},"10":{"loc":{"start":{"line":42,"column":8},"end":{"line":42,"column":48}},"type":"binary-expr","locations":[{"start":{"line":42,"column":8},"end":{"line":42,"column":21}},{"start":{"line":42,"column":25},"end":{"line":42,"column":34}},{"start":{"line":42,"column":38},"end":{"line":42,"column":48}}]},"11":{"loc":{"start":{"line":48,"column":4},"end":{"line":48,"column":80}},"type":"if","locations":[{"start":{"line":48,"column":4},"end":{"line":48,"column":80}},{"start":{},"end":{}}]},"12":{"loc":{"start":{"line":48,"column":8},"end":{"line":48,"column":61}},"type":"binary-expr","locations":[{"start":{"line":48,"column":8},"end":{"line":48,"column":27}},{"start":{"line":48,"column":31},"end":{"line":48,"column":45}},{"start":{"line":48,"column":49},"end":{"line":48,"column":61}}]},"13":{"loc":{"start":{"line":51,"column":4},"end":{"line":53,"column":5}},"type":"if","locations":[{"start":{"line":51,"column":4},"end":{"line":53,"column":5}},{"start":{},"end":{}}]},"14":{"loc":{"start":{"line":63,"column":4},"end":{"line":63,"column":80}},"type":"if","locations":[{"start":{"line":63,"column":4},"end":{"line":63,"column":80}},{"start":{},"end":{}}]},"15":{"loc":{"start":{"line":63,"column":8},"end":{"line":63,"column":61}},"type":"binary-expr","locations":[{"start":{"line":63,"column":8},"end":{"line":63,"column":27}},{"start":{"line":63,"column":31},"end":{"line":63,"column":45}},{"start":{"line":63,"column":49},"end":{"line":63,"column":61}}]},"16":{"loc":{"start":{"line":65,"column":4},"end":{"line":67,"column":5}},"type":"if","locations":[{"start":{"line":65,"column":4},"end":{"line":67,"column":5}},{"start":{},"end":{}}]},"17":{"loc":{"start":{"line":95,"column":6},"end":{"line":95,"column":52}},"type":"if","locations":[{"start":{"line":95,"column":6},"end":{"line":95,"column":52}},{"start":{},"end":{}}]},"18":{"loc":{"start":{"line":96,"column":6},"end":{"line":96,"column":55}},"type":"if","locations":[{"start":{"line":96,"column":6},"end":{"line":96,"column":55}},{"start":{},"end":{}}]},"19":{"loc":{"start":{"line":97,"column":6},"end":{"line":97,"column":58}},"type":"if","locations":[{"start":{"line":97,"column":6},"end":{"line":97,"column":58}},{"start":{},"end":{}}]},"20":{"loc":{"start":{"line":98,"column":6},"end":{"line":98,"column":67}},"type":"if","locations":[{"start":{"line":98,"column":6},"end":{"line":98,"column":67}},{"start":{},"end":{}}]},"21":{"loc":{"start":{"line":101,"column":6},"end":{"line":101,"column":55}},"type":"if","locations":[{"start":{"line":101,"column":6},"end":{"line":101,"column":55}},{"start":{},"end":{}}]},"22":{"loc":{"start":{"line":104,"column":6},"end":{"line":113,"column":7}},"type":"if","locations":[{"start":{"line":104,"column":6},"end":{"line":113,"column":7}},{"start":{"line":107,"column":13},"end":{"line":113,"column":7}}]},"23":{"loc":{"start":{"line":109,"column":8},"end":{"line":109,"column":45}},"type":"if","locations":[{"start":{"line":109,"column":8},"end":{"line":109,"column":45}},{"start":{},"end":{}}]},"24":{"loc":{"start":{"line":112,"column":8},"end":{"line":112,"column":45}},"type":"if","locations":[{"start":{"line":112,"column":8},"end":{"line":112,"column":45}},{"start":{},"end":{}}]},"25":{"loc":{"start":{"line":116,"column":6},"end":{"line":116,"column":64}},"type":"if","locations":[{"start":{"line":116,"column":6},"end":{"line":116,"column":64}},{"start":{},"end":{}}]}},"s":{"0":0,"1":0,"2":0,"3":0,"4":0,"5":0,"6":0,"7":0,"8":0,"9":0,"10":0,"11":0,"12":0,"13":0,"14":0,"15":0,"16":0,"17":0,"18":0,"19":0,"20":0,"21":0,"22":0,"23":0,"24":0,"25":0,"26":0,"27":0,"28":0,"29":0,"30":0,"31":0,"32":0,"33":0,"34":0,"35":0,"36":0,"37":0,"38":0,"39":0,"40":0,"41":0,"42":0,"43":0,"44":0,"45":0,"46":0,"47":0,"48":0,"49":0,"50":0,"51":0,"52":0,"53":0,"54":0,"55":0,"56":0,"57":0,"58":0,"59":0,"60":0,"61":0,"62":0,"63":0,"64":0,"65":0,"66":0,"67":0,"68":0,"69":0,"70":0,"71":0,"72":0,"73":0,"74":0,"75":0,"76":0,"77":0,"78":0,"79":0,"80":0,"81":0,"82":0,"83":0,"84":0,"85":0,"86":0,"87":0,"88":0,"89":0,"90":0,"91":0,"92":0,"93":0,"94":0,"95":0,"96":0,"97":0,"98":0,"99":0,"100":0,"101":0,"102":0,"103":0,"104":0,"105":0,"106":0,"107":0,"108":0},"f":{"0":0,"1":0,"2":0,"3":0,"4":0,"5":0,"6":0,"7":0,"8":0,"9":0,"10":0,"11":0,"12":0,"13":0,"14":0,"15":0,"16":0,"17":0},"b":{"0":[0,0],"1":[0,0],"2":[0,0],"3":[0,0,0],"4":[0,0],"5":[0,0],"6":[0,0,0],"7":[0,0],"8":[0,0,0],"9":[0,0],"10":[0,0,0],"11":[0,0],"12":[0,0,0],"13":[0,0],"14":[0,0],"15":[0,0,0],"16":[0,0],"17":[0,0],"18":[0,0],"19":[0,0],"20":[0,0],"21":[0,0],"22":[0,0],"23":[0,0],"24":[0,0],"25":[0,0]}}
,"C:\\Users\\gsilv\\OneDrive\\Área de Trabalho\\Trabalho\\src\\controllers\\ReservaController.ts": {"path":"C:\\Users\\gsilv\\OneDrive\\Área de Trabalho\\Trabalho\\src\\controllers\\ReservaController.ts","statementMap":{"0":{"start":{"line":6,"column":33},"end":{"line":6,"column":63}},"1":{"start":{"line":9,"column":8},"end":{"line":14,"column":9}},"2":{"start":{"line":10,"column":28},"end":{"line":10,"column":70}},"3":{"start":{"line":11,"column":12},"end":{"line":11,"column":42}},"4":{"start":{"line":13,"column":12},"end":{"line":13,"column":61}},"5":{"start":{"line":18,"column":8},"end":{"line":23,"column":9}},"6":{"start":{"line":19,"column":29},"end":{"line":19,"column":64}},"7":{"start":{"line":20,"column":12},"end":{"line":20,"column":31}},"8":{"start":{"line":22,"column":12},"end":{"line":22,"column":61}},"9":{"start":{"line":27,"column":8},"end":{"line":33,"column":9}},"10":{"start":{"line":28,"column":27},"end":{"line":28,"column":37}},"11":{"start":{"line":29,"column":28},"end":{"line":29,"column":66}},"12":{"start":{"line":30,"column":12},"end":{"line":30,"column":30}},"13":{"start":{"line":32,"column":12},"end":{"line":32,"column":61}},"14":{"start":{"line":37,"column":8},"end":{"line":43,"column":9}},"15":{"start":{"line":38,"column":33},"end":{"line":38,"column":43}},"16":{"start":{"line":39,"column":29},"end":{"line":39,"column":79}},"17":{"start":{"line":40,"column":12},"end":{"line":40,"column":31}},"18":{"start":{"line":42,"column":12},"end":{"line":42,"column":61}},"19":{"start":{"line":47,"column":8},"end":{"line":53,"column":9}},"20":{"start":{"line":48,"column":34},"end":{"line":48,"column":44}},"21":{"start":{"line":49,"column":29},"end":{"line":49,"column":81}},"22":{"start":{"line":50,"column":12},"end":{"line":50,"column":31}},"23":{"start":{"line":52,"column":12},"end":{"line":52,"column":61}},"24":{"start":{"line":57,"column":8},"end":{"line":64,"column":9}},"25":{"start":{"line":58,"column":27},"end":{"line":58,"column":37}},"26":{"start":{"line":59,"column":31},"end":{"line":59,"column":39}},"27":{"start":{"line":60,"column":28},"end":{"line":60,"column":95}},"28":{"start":{"line":61,"column":12},"end":{"line":61,"column":30}},"29":{"start":{"line":63,"column":12},"end":{"line":63,"column":61}},"30":{"start":{"line":68,"column":8},"end":{"line":74,"column":9}},"31":{"start":{"line":69,"column":27},"end":{"line":69,"column":37}},"32":{"start":{"line":70,"column":28},"end":{"line":70,"column":64}},"33":{"start":{"line":71,"column":12},"end":{"line":71,"column":76}},"34":{"start":{"line":73,"column":12},"end":{"line":73,"column":61}},"35":{"start":{"line":5,"column":0},"end":{"line":5,"column":13}}},"fnMap":{"0":{"name":"(anonymous_0)","decl":{"start":{"line":6,"column":4},"end":{"line":6,"column":33}},"loc":{"start":{"line":6,"column":63},"end":{"line":6,"column":68}}},"1":{"name":"(anonymous_1)","decl":{"start":{"line":8,"column":4},"end":{"line":8,"column":9}},"loc":{"start":{"line":8,"column":44},"end":{"line":15,"column":5}}},"2":{"name":"(anonymous_2)","decl":{"start":{"line":17,"column":4},"end":{"line":17,"column":9}},"loc":{"start":{"line":17,"column":45},"end":{"line":24,"column":5}}},"3":{"name":"(anonymous_3)","decl":{"start":{"line":26,"column":4},"end":{"line":26,"column":9}},"loc":{"start":{"line":26,"column":62},"end":{"line":34,"column":5}}},"4":{"name":"(anonymous_4)","decl":{"start":{"line":36,"column":4},"end":{"line":36,"column":9}},"loc":{"start":{"line":36,"column":74},"end":{"line":44,"column":5}}},"5":{"name":"(anonymous_5)","decl":{"start":{"line":46,"column":4},"end":{"line":46,"column":9}},"loc":{"start":{"line":46,"column":76},"end":{"line":54,"column":5}}},"6":{"name":"(anonymous_6)","decl":{"start":{"line":56,"column":4},"end":{"line":56,"column":9}},"loc":{"start":{"line":56,"column":66},"end":{"line":65,"column":5}}},"7":{"name":"(anonymous_7)","decl":{"start":{"line":67,"column":4},"end":{"line":67,"column":9}},"loc":{"start":{"line":67,"column":60},"end":{"line":75,"column":5}}}},"branchMap":{},"s":{"0":0,"1":0,"2":0,"3":0,"4":0,"5":0,"6":0,"7":0,"8":0,"9":0,"10":0,"11":0,"12":0,"13":0,"14":0,"15":0,"16":0,"17":0,"18":0,"19":0,"20":0,"21":0,"22":0,"23":0,"24":0,"25":0,"26":0,"27":0,"28":0,"29":0,"30":0,"31":0,"32":0,"33":0,"34":0,"35":0},"f":{"0":0,"1":0,"2":0,"3":0,"4":0,"5":0,"6":0,"7":0},"b":{}}
,"C:\\Users\\gsilv\\OneDrive\\Área de Trabalho\\Trabalho\\src\\controllers\\UsuarioController.ts": {"path":"C:\\Users\\gsilv\\OneDrive\\Área de Trabalho\\Trabalho\\src\\controllers\\UsuarioController.ts","statementMap":{"0":{"start":{"line":6,"column":31},"end":{"line":6,"column":61}},"1":{"start":{"line":9,"column":38},"end":{"line":9,"column":45}},"2":{"start":{"line":10,"column":4},"end":{"line":10,"column":23}},"3":{"start":{"line":14,"column":4},"end":{"line":19,"column":5}},"4":{"start":{"line":15,"column":22},"end":{"line":15,"column":64}},"5":{"start":{"line":16,"column":6},"end":{"line":16,"column":51}},"6":{"start":{"line":18,"column":6},"end":{"line":18,"column":55}},"7":{"start":{"line":23,"column":4},"end":{"line":29,"column":5}},"8":{"start":{"line":24,"column":23},"end":{"line":24,"column":64}},"9":{"start":{"line":25,"column":27},"end":{"line":25,"column":62}},"10":{"start":{"line":25,"column":45},"end":{"line":25,"column":61}},"11":{"start":{"line":26,"column":6},"end":{"line":26,"column":29}},"12":{"start":{"line":28,"column":6},"end":{"line":28,"column":55}},"13":{"start":{"line":33,"column":4},"end":{"line":39,"column":5}},"14":{"start":{"line":34,"column":21},"end":{"line":34,"column":31}},"15":{"start":{"line":35,"column":22},"end":{"line":35,"column":60}},"16":{"start":{"line":36,"column":6},"end":{"line":36,"column":39}},"17":{"start":{"line":38,"column":6},"end":{"line":38,"column":55}},"18":{"start":{"line":43,"column":4},"end":{"line":49,"column":5}},"19":{"start":{"line":44,"column":21},"end":{"line":44,"column":31}},"20":{"start":{"line":45,"column":22},"end":{"line":45,"column":68}},"21":{"start":{"line":46,"column":6},"end":{"line":46,"column":39}},"22":{"start":{"line":48,"column":6},"end":{"line":48,"column":55}},"23":{"start":{"line":53,"column":4},"end":{"line":59,"column":5}},"24":{"start":{"line":54,"column":21},"end":{"line":54,"column":31}},"25":{"start":{"line":55,"column":6},"end":{"line":55,"column":47}},"26":{"start":{"line":56,"column":6},"end":{"line":56,"column":29}},"27":{"start":{"line":58,"column":6},"end":{"line":58,"column":55}},"28":{"start":{"line":5,"column":0},"end":{"line":5,"column":13}}},"fnMap":{"0":{"name":"(anonymous_0)","decl":{"start":{"line":6,"column":2},"end":{"line":6,"column":31}},"loc":{"start":{"line":6,"column":61},"end":{"line":6,"column":66}}},"1":{"name":"(anonymous_1)","decl":{"start":{"line":8,"column":10},"end":{"line":8,"column":18}},"loc":{"start":{"line":8,"column":35},"end":{"line":11,"column":3}}},"2":{"name":"(anonymous_2)","decl":{"start":{"line":13,"column":2},"end":{"line":13,"column":7}},"loc":{"start":{"line":13,"column":42},"end":{"line":20,"column":3}}},"3":{"name":"(anonymous_3)","decl":{"start":{"line":22,"column":2},"end":{"line":22,"column":7}},"loc":{"start":{"line":22,"column":43},"end":{"line":30,"column":3}}},"4":{"name":"(anonymous_4)","decl":{"start":{"line":25,"column":40},"end":{"line":25,"column":41}},"loc":{"start":{"line":25,"column":45},"end":{"line":25,"column":61}}},"5":{"name":"(anonymous_5)","decl":{"start":{"line":32,"column":2},"end":{"line":32,"column":7}},"loc":{"start":{"line":32,"column":60},"end":{"line":40,"column":3}}},"6":{"name":"(anonymous_6)","decl":{"start":{"line":42,"column":2},"end":{"line":42,"column":7}},"loc":{"start":{"line":42,"column":58},"end":{"line":50,"column":3}}},"7":{"name":"(anonymous_7)","decl":{"start":{"line":52,"column":2},"end":{"line":52,"column":7}},"loc":{"start":{"line":52,"column":58},"end":{"line":60,"column":3}}}},"branchMap":{},"s":{"0":0,"1":0,"2":0,"3":0,"4":0,"5":0,"6":0,"7":0,"8":0,"9":0,"10":0,"11":0,"12":0,"13":0,"14":0,"15":0,"16":0,"17":0,"18":0,"19":0,"20":0,"21":0,"22":0,"23":0,"24":0,"25":0,"26":0,"27":0,"28":0},"f":{"0":0,"1":0,"2":0,"3":0,"4":0,"5":0,"6":0,"7":0},"b":{}}
,"C:\\Users\\gsilv\\OneDrive\\Área de Trabalho\\Trabalho\\src\\controllers\\VeiculoController.ts": {"path":"C:\\Users\\gsilv\\OneDrive\\Área de Trabalho\\Trabalho\\src\\controllers\\VeiculoController.ts","statementMap":{"0":{"start":{"line":5,"column":31},"end":{"line":5,"column":61}},"1":{"start":{"line":8,"column":4},"end":{"line":20,"column":5}},"2":{"start":{"line":9,"column":22},"end":{"line":9,"column":64}},"3":{"start":{"line":10,"column":6},"end":{"line":10,"column":36}},"4":{"start":{"line":12,"column":6},"end":{"line":19,"column":7}},"5":{"start":{"line":16,"column":8},"end":{"line":16,"column":55}},"6":{"start":{"line":18,"column":8},"end":{"line":18,"column":55}},"7":{"start":{"line":24,"column":4},"end":{"line":29,"column":5}},"8":{"start":{"line":25,"column":23},"end":{"line":25,"column":58}},"9":{"start":{"line":26,"column":6},"end":{"line":26,"column":25}},"10":{"start":{"line":28,"column":6},"end":{"line":28,"column":66}},"11":{"start":{"line":33,"column":4},"end":{"line":39,"column":5}},"12":{"start":{"line":34,"column":17},"end":{"line":34,"column":40}},"13":{"start":{"line":35,"column":22},"end":{"line":35,"column":60}},"14":{"start":{"line":36,"column":6},"end":{"line":36,"column":24}},"15":{"start":{"line":38,"column":6},"end":{"line":38,"column":53}},"16":{"start":{"line":43,"column":4},"end":{"line":49,"column":5}},"17":{"start":{"line":44,"column":17},"end":{"line":44,"column":40}},"18":{"start":{"line":45,"column":22},"end":{"line":45,"column":70}},"19":{"start":{"line":46,"column":6},"end":{"line":46,"column":24}},"20":{"start":{"line":48,"column":6},"end":{"line":48,"column":53}},"21":{"start":{"line":53,"column":4},"end":{"line":59,"column":5}},"22":{"start":{"line":54,"column":17},"end":{"line":54,"column":40}},"23":{"start":{"line":55,"column":22},"end":{"line":55,"column":68}},"24":{"start":{"line":56,"column":6},"end":{"line":56,"column":24}},"25":{"start":{"line":58,"column":6},"end":{"line":58,"column":53}},"26":{"start":{"line":63,"column":4},"end":{"line":69,"column":5}},"27":{"start":{"line":64,"column":17},"end":{"line":64,"column":40}},"28":{"start":{"line":65,"column":6},"end":{"line":65,"column":43}},"29":{"start":{"line":66,"column":6},"end":{"line":66,"column":29}},"30":{"start":{"line":68,"column":6},"end":{"line":68,"column":53}},"31":{"start":{"line":4,"column":0},"end":{"line":4,"column":13}}},"fnMap":{"0":{"name":"(anonymous_0)","decl":{"start":{"line":5,"column":2},"end":{"line":5,"column":31}},"loc":{"start":{"line":5,"column":61},"end":{"line":5,"column":65}}},"1":{"name":"(anonymous_1)","decl":{"start":{"line":7,"column":2},"end":{"line":7,"column":7}},"loc":{"start":{"line":7,"column":42},"end":{"line":21,"column":3}}},"2":{"name":"(anonymous_2)","decl":{"start":{"line":23,"column":2},"end":{"line":23,"column":7}},"loc":{"start":{"line":23,"column":43},"end":{"line":30,"column":3}}},"3":{"name":"(anonymous_3)","decl":{"start":{"line":32,"column":2},"end":{"line":32,"column":7}},"loc":{"start":{"line":32,"column":44},"end":{"line":40,"column":3}}},"4":{"name":"(anonymous_4)","decl":{"start":{"line":42,"column":2},"end":{"line":42,"column":7}},"loc":{"start":{"line":42,"column":54},"end":{"line":50,"column":3}}},"5":{"name":"(anonymous_5)","decl":{"start":{"line":52,"column":2},"end":{"line":52,"column":7}},"loc":{"start":{"line":52,"column":42},"end":{"line":60,"column":3}}},"6":{"name":"(anonymous_6)","decl":{"start":{"line":62,"column":2},"end":{"line":62,"column":7}},"loc":{"start":{"line":62,"column":42},"end":{"line":70,"column":3}}}},"branchMap":{"0":{"loc":{"start":{"line":12,"column":6},"end":{"line":19,"column":7}},"type":"if","locations":[{"start":{"line":12,"column":6},"end":{"line":19,"column":7}},{"start":{"line":17,"column":13},"end":{"line":19,"column":7}}]},"1":{"loc":{"start":{"line":13,"column":8},"end":{"line":14,"column":64}},"type":"binary-expr","locations":[{"start":{"line":13,"column":8},"end":{"line":13,"column":78}},{"start":{"line":14,"column":8},"end":{"line":14,"column":64}}]}},"s":{"0":0,"1":0,"2":0,"3":0,"4":0,"5":0,"6":0,"7":0,"8":0,"9":0,"10":0,"11":0,"12":0,"13":0,"14":0,"15":0,"16":0,"17":0,"18":0,"19":0,"20":0,"21":0,"22":0,"23":0,"24":0,"25":0,"26":0,"27":0,"28":0,"29":0,"30":0,"31":0},"f":{"0":0,"1":0,"2":0,"3":0,"4":0,"5":0,"6":0},"b":{"0":[0,0],"1":[0,0]}}
,"C:\\Users\\gsilv\\OneDrive\\Área de Trabalho\\Trabalho\\src\\database\\db.ts": {"path":"C:\\Users\\gsilv\\OneDrive\\Área de Trabalho\\Trabalho\\src\\database\\db.ts","statementMap":{"0":{"start":{"line":1,"column":0},"end":{"line":1,"column":23}},"1":{"start":{"line":2,"column":0},"end":{"line":2,"column":58}},"2":{"start":{"line":3,"column":0},"end":{"line":3,"column":26}},"3":{"start":{"line":4,"column":0},"end":{"line":4,"column":46}},"4":{"start":{"line":6,"column":25},"end":{"line":6,"column":49}},"5":{"start":{"line":7,"column":0},"end":{"line":11,"column":1}},"6":{"start":{"line":8,"column":2},"end":{"line":10,"column":4}},"7":{"start":{"line":12,"column":13},"end":{"line":12,"column":43}},"8":{"start":{"line":13,"column":16},"end":{"line":13,"column":34}},"9":{"start":{"line":15,"column":13},"end":{"line":15,"column":52}}},"fnMap":{},"branchMap":{"0":{"loc":{"start":{"line":7,"column":0},"end":{"line":11,"column":1}},"type":"if","locations":[{"start":{"line":7,"column":0},"end":{"line":11,"column":1}},{"start":{},"end":{}}]}},"s":{"0":0,"1":0,"2":0,"3":0,"4":0,"5":0,"6":0,"7":0,"8":0,"9":0},"f":{},"b":{"0":[0,0]}}
,"C:\\Users\\gsilv\\OneDrive\\Área de Trabalho\\Trabalho\\src\\models\\Carona.ts": {"path":"C:\\Users\\gsilv\\OneDrive\\Área de Trabalho\\Trabalho\\src\\models\\Carona.ts","statementMap":{"0":{"start":{"line":1,"column":0},"end":{"line":1,"column":null}},"1":{"start":{"line":2,"column":2},"end":{"line":2,"column":null}},"2":{"start":{"line":3,"column":2},"end":{"line":3,"column":null}},"3":{"start":{"line":4,"column":2},"end":{"line":4,"column":null}},"4":{"start":{"line":5,"column":2},"end":{"line":5,"column":null}}},"fnMap":{"0":{"name":"(anonymous_0)","decl":{"start":{"line":1,"column":0},"end":{"line":1,"column":12}},"loc":{"start":{"line":1,"column":24},"end":{"line":6,"column":1}}}},"branchMap":{"0":{"loc":{"start":{"line":1,"column":12},"end":{"line":1,"column":null}},"type":"binary-expr","locations":[{"start":{"line":1,"column":12},"end":{"line":1,"column":24}},{"start":{"line":1,"column":24},"end":{"line":1,"column":null}}]}},"s":{"0":0,"1":0,"2":0,"3":0,"4":0},"f":{"0":0},"b":{"0":[0,0]}}
,"C:\\Users\\gsilv\\OneDrive\\Área de Trabalho\\Trabalho\\src\\models\\Reserva.ts": {"path":"C:\\Users\\gsilv\\OneDrive\\Área de Trabalho\\Trabalho\\src\\models\\Reserva.ts","statementMap":{"0":{"start":{"line":1,"column":0},"end":{"line":1,"column":null}},"1":{"start":{"line":2,"column":2},"end":{"line":2,"column":null}},"2":{"start":{"line":3,"column":2},"end":{"line":3,"column":null}},"3":{"start":{"line":4,"column":2},"end":{"line":4,"column":null}}},"fnMap":{"0":{"name":"(anonymous_0)","decl":{"start":{"line":1,"column":0},"end":{"line":1,"column":12}},"loc":{"start":{"line":1,"column":25},"end":{"line":5,"column":1}}}},"branchMap":{"0":{"loc":{"start":{"line":1,"column":12},"end":{"line":1,"column":null}},"type":"binary-expr","locations":[{"start":{"line":1,"column":12},"end":{"line":1,"column":25}},{"start":{"line":1,"column":25},"end":{"line":1,"column":null}}]}},"s":{"0":0,"1":0,"2":0,"3":0},"f":{"0":0},"b":{"0":[0,0]}}
,"C:\\Users\\gsilv\\OneDrive\\Área de Trabalho\\Trabalho\\src\\repositories\\BaseRepository.ts": {"path":"C:\\Users\\gsilv\\OneDrive\\Área de Trabalho\\Trabalho\\src\\repositories\\BaseRepository.ts","statementMap":{"0":{"start":{"line":13,"column":26},"end":{"line":13,"column":36}},"1":{"start":{"line":16,"column":8},"end":{"line":16,"column":43}},"2":{"start":{"line":20,"column":8},"end":{"line":23,"column":11}},"3":{"start":{"line":27,"column":8},"end":{"line":27,"column":43}},"4":{"start":{"line":31,"column":8},"end":{"line":34,"column":11}},"5":{"start":{"line":38,"column":8},"end":{"line":40,"column":11}},"6":{"start":{"line":44,"column":8},"end":{"line":44,"column":44}},"7":{"start":{"line":9,"column":0},"end":{"line":9,"column":13}}},"fnMap":{"0":{"name":"(anonymous_0)","decl":{"start":{"line":13,"column":4},"end":{"line":13,"column":26}},"loc":{"start":{"line":13,"column":36},"end":{"line":13,"column":41}}},"1":{"name":"(anonymous_1)","decl":{"start":{"line":15,"column":4},"end":{"line":15,"column":9}},"loc":{"start":{"line":15,"column":30},"end":{"line":17,"column":5}}},"2":{"name":"(anonymous_2)","decl":{"start":{"line":19,"column":4},"end":{"line":19,"column":9}},"loc":{"start":{"line":19,"column":44},"end":{"line":24,"column":5}}},"3":{"name":"(anonymous_3)","decl":{"start":{"line":26,"column":4},"end":{"line":26,"column":9}},"loc":{"start":{"line":26,"column":29},"end":{"line":28,"column":5}}},"4":{"name":"(anonymous_4)","decl":{"start":{"line":30,"column":4},"end":{"line":30,"column":9}},"loc":{"start":{"line":30,"column":41},"end":{"line":35,"column":5}}},"5":{"name":"(anonymous_5)","decl":{"start":{"line":37,"column":4},"end":{"line":37,"column":9}},"loc":{"start":{"line":37,"column":27},"end":{"line":41,"column":5}}},"6":{"name":"(anonymous_6)","decl":{"start":{"line":43,"column":4},"end":{"line":43,"column":9}},"loc":{"start":{"line":43,"column":32},"end":{"line":45,"column":5}}}},"branchMap":{},"s":{"0":0,"1":0,"2":0,"3":0,"4":0,"5":0,"6":0,"7":0},"f":{"0":0,"1":0,"2":0,"3":0,"4":0,"5":0,"6":0},"b":{}}
,"C:\\Users\\gsilv\\OneDrive\\Área de Trabalho\\Trabalho\\src\\repositories\\CaronaRepository.ts": {"path":"C:\\Users\\gsilv\\OneDrive\\Área de Trabalho\\Trabalho\\src\\repositories\\CaronaRepository.ts","statementMap":{"0":{"start":{"line":1,"column":0},"end":{"line":1,"column":40}},"1":{"start":{"line":2,"column":0},"end":{"line":2,"column":66}},"2":{"start":{"line":7,"column":8},"end":{"line":12,"column":11}},"3":{"start":{"line":26,"column":47},"end":{"line":26,"column":49}},"4":{"start":{"line":28,"column":8},"end":{"line":30,"column":9}},"5":{"start":{"line":29,"column":12},"end":{"line":29,"column":77}},"6":{"start":{"line":31,"column":8},"end":{"line":33,"column":9}},"7":{"start":{"line":32,"column":12},"end":{"line":32,"column":79}},"8":{"start":{"line":34,"column":8},"end":{"line":36,"column":9}},"9":{"start":{"line":35,"column":12},"end":{"line":35,"column":42}},"10":{"start":{"line":37,"column":8},"end":{"line":39,"column":9}},"11":{"start":{"line":38,"column":12},"end":{"line":38,"column":52}},"12":{"start":{"line":40,"column":8},"end":{"line":42,"column":9}},"13":{"start":{"line":41,"column":12},"end":{"line":41,"column":74}},"14":{"start":{"line":44,"column":51},"end":{"line":44,"column":53}},"15":{"start":{"line":45,"column":8},"end":{"line":47,"column":9}},"16":{"start":{"line":46,"column":12},"end":{"line":46,"column":64}},"17":{"start":{"line":48,"column":8},"end":{"line":50,"column":9}},"18":{"start":{"line":49,"column":12},"end":{"line":49,"column":74}},"19":{"start":{"line":51,"column":8},"end":{"line":53,"column":9}},"20":{"start":{"line":52,"column":12},"end":{"line":52,"column":74}},"21":{"start":{"line":54,"column":8},"end":{"line":56,"column":9}},"22":{"start":{"line":55,"column":12},"end":{"line":55,"column":32}},"23":{"start":{"line":58,"column":25},"end":{"line":58,"column":54}},"24":{"start":{"line":60,"column":8},"end":{"line":64,"column":11}},"25":{"start":{"line":68,"column":8},"end":{"line":71,"column":11}},"26":{"start":{"line":75,"column":8},"end":{"line":77,"column":11}},"27":{"start":{"line":81,"column":8},"end":{"line":84,"column":11}},"28":{"start":{"line":88,"column":8},"end":{"line":91,"column":11}},"29":{"start":{"line":95,"column":8},"end":{"line":102,"column":11}},"30":{"start":{"line":106,"column":8},"end":{"line":109,"column":11}},"31":{"start":{"line":110,"column":8},"end":{"line":110,"column":20}},"32":{"start":{"line":4,"column":0},"end":{"line":4,"column":13}}},"fnMap":{"0":{"name":"(anonymous_0)","decl":{"start":{"line":6,"column":4},"end":{"line":6,"column":9}},"loc":{"start":{"line":6,"column":80},"end":{"line":13,"column":5}}},"1":{"name":"(anonymous_1)","decl":{"start":{"line":15,"column":4},"end":{"line":15,"column":9}},"loc":{"start":{"line":25,"column":5},"end":{"line":65,"column":5}}},"2":{"name":"(anonymous_2)","decl":{"start":{"line":67,"column":4},"end":{"line":67,"column":9}},"loc":{"start":{"line":67,"column":29},"end":{"line":72,"column":5}}},"3":{"name":"(anonymous_3)","decl":{"start":{"line":74,"column":4},"end":{"line":74,"column":9}},"loc":{"start":{"line":74,"column":45},"end":{"line":78,"column":5}}},"4":{"name":"(anonymous_4)","decl":{"start":{"line":80,"column":4},"end":{"line":80,"column":9}},"loc":{"start":{"line":80,"column":90},"end":{"line":85,"column":5}}},"5":{"name":"(anonymous_5)","decl":{"start":{"line":87,"column":4},"end":{"line":87,"column":9}},"loc":{"start":{"line":87,"column":55},"end":{"line":92,"column":5}}},"6":{"name":"(anonymous_6)","decl":{"start":{"line":94,"column":4},"end":{"line":94,"column":9}},"loc":{"start":{"line":94,"column":54},"end":{"line":103,"column":5}}},"7":{"name":"(anonymous_7)","decl":{"start":{"line":105,"column":4},"end":{"line":105,"column":9}},"loc":{"start":{"line":105,"column":31},"end":{"line":111,"column":5}}}},"branchMap":{"0":{"loc":{"start":{"line":28,"column":8},"end":{"line":30,"column":9}},"type":"if","locations":[{"start":{"line":28,"column":8},"end":{"line":30,"column":9}},{"start":{},"end":{}}]},"1":{"loc":{"start":{"line":31,"column":8},"end":{"line":33,"column":9}},"type":"if","locations":[{"start":{"line":31,"column":8},"end":{"line":33,"column":9}},{"start":{},"end":{}}]},"2":{"loc":{"start":{"line":34,"column":8},"end":{"line":36,"column":9}},"type":"if","locations":[{"start":{"line":34,"column":8},"end":{"line":36,"column":9}},{"start":{},"end":{}}]},"3":{"loc":{"start":{"line":37,"column":8},"end":{"line":39,"column":9}},"type":"if","locations":[{"start":{"line":37,"column":8},"end":{"line":39,"column":9}},{"start":{},"end":{}}]},"4":{"loc":{"start":{"line":40,"column":8},"end":{"line":42,"column":9}},"type":"if","locations":[{"start":{"line":40,"column":8},"end":{"line":42,"column":9}},{"start":{},"end":{}}]},"5":{"loc":{"start":{"line":40,"column":12},"end":{"line":40,"column":83}},"type":"binary-expr","locations":[{"start":{"line":40,"column":12},"end":{"line":40,"column":51}},{"start":{"line":40,"column":55},"end":{"line":40,"column":83}}]},"6":{"loc":{"start":{"line":45,"column":8},"end":{"line":47,"column":9}},"type":"if","locations":[{"start":{"line":45,"column":8},"end":{"line":47,"column":9}},{"start":{},"end":{}}]},"7":{"loc":{"start":{"line":48,"column":8},"end":{"line":50,"column":9}},"type":"if","locations":[{"start":{"line":48,"column":8},"end":{"line":50,"column":9}},{"start":{},"end":{}}]},"8":{"loc":{"start":{"line":51,"column":8},"end":{"line":53,"column":9}},"type":"if","locations":[{"start":{"line":51,"column":8},"end":{"line":53,"column":9}},{"start":{},"end":{}}]},"9":{"loc":{"start":{"line":54,"column":8},"end":{"line":56,"column":9}},"type":"if","locations":[{"start":{"line":54,"column":8},"end":{"line":56,"column":9}},{"start":{},"end":{}}]},"10":{"loc":{"start":{"line":61,"column":19},"end":{"line":61,"column":59}},"type":"cond-expr","locations":[{"start":{"line":61,"column":31},"end":{"line":61,"column":47}},{"start":{"line":61,"column":50},"end":{"line":61,"column":59}}]}},"s":{"0":0,"1":0,"2":0,"3":0,"4":0,"5":0,"6":0,"7":0,"8":0,"9":0,"10":0,"11":0,"12":0,"13":0,"14":0,"15":0,"16":0,"17":0,"18":0,"19":0,"20":0,"21":0,"22":0,"23":0,"24":0,"25":0,"26":0,"27":0,"28":0,"29":0,"30":0,"31":0,"32":0},"f":{"0":0,"1":0,"2":0,"3":0,"4":0,"5":0,"6":0,"7":0},"b":{"0":[0,0],"1":[0,0],"2":[0,0],"3":[0,0],"4":[0,0],"5":[0,0],"6":[0,0],"7":[0,0],"8":[0,0],"9":[0,0],"10":[0,0]}}
,"C:\\Users\\gsilv\\OneDrive\\Área de Trabalho\\Trabalho\\src\\repositories\\ReservaRepository.ts": {"path":"C:\\Users\\gsilv\\OneDrive\\Área de Trabalho\\Trabalho\\src\\repositories\\ReservaRepository.ts","statementMap":{"0":{"start":{"line":1,"column":0},"end":{"line":1,"column":40}},"1":{"start":{"line":7,"column":8},"end":{"line":9,"column":11}},"2":{"start":{"line":13,"column":8},"end":{"line":15,"column":11}},"3":{"start":{"line":19,"column":8},"end":{"line":22,"column":11}},"4":{"start":{"line":26,"column":8},"end":{"line":29,"column":11}},"5":{"start":{"line":33,"column":8},"end":{"line":36,"column":11}},"6":{"start":{"line":40,"column":8},"end":{"line":43,"column":11}},"7":{"start":{"line":47,"column":8},"end":{"line":49,"column":11}},"8":{"start":{"line":4,"column":0},"end":{"line":4,"column":13}}},"fnMap":{"0":{"name":"(anonymous_0)","decl":{"start":{"line":6,"column":4},"end":{"line":6,"column":9}},"loc":{"start":{"line":6,"column":70},"end":{"line":10,"column":5}}},"1":{"name":"(anonymous_1)","decl":{"start":{"line":12,"column":4},"end":{"line":12,"column":9}},"loc":{"start":{"line":12,"column":17},"end":{"line":16,"column":5}}},"2":{"name":"(anonymous_2)","decl":{"start":{"line":18,"column":4},"end":{"line":18,"column":9}},"loc":{"start":{"line":18,"column":29},"end":{"line":23,"column":5}}},"3":{"name":"(anonymous_3)","decl":{"start":{"line":25,"column":4},"end":{"line":25,"column":9}},"loc":{"start":{"line":25,"column":41},"end":{"line":30,"column":5}}},"4":{"name":"(anonymous_4)","decl":{"start":{"line":32,"column":4},"end":{"line":32,"column":9}},"loc":{"start":{"line":32,"column":43},"end":{"line":37,"column":5}}},"5":{"name":"(anonymous_5)","decl":{"start":{"line":39,"column":4},"end":{"line":39,"column":9}},"loc":{"start":{"line":39,"column":56},"end":{"line":44,"column":5}}},"6":{"name":"(anonymous_6)","decl":{"start":{"line":46,"column":4},"end":{"line":46,"column":9}},"loc":{"start":{"line":46,"column":27},"end":{"line":50,"column":5}}}},"branchMap":{},"s":{"0":0,"1":0,"2":0,"3":0,"4":0,"5":0,"6":0,"7":0,"8":0},"f":{"0":0,"1":0,"2":0,"3":0,"4":0,"5":0,"6":0},"b":{}}
,"C:\\Users\\gsilv\\OneDrive\\Área de Trabalho\\Trabalho\\src\\repositories\\UsuarioRepository.ts": {"path":"C:\\Users\\gsilv\\OneDrive\\Área de Trabalho\\Trabalho\\src\\repositories\\UsuarioRepository.ts","statementMap":{"0":{"start":{"line":1,"column":0},"end":{"line":1,"column":40}},"1":{"start":{"line":8,"column":4},"end":{"line":10,"column":7}},"2":{"start":{"line":14,"column":4},"end":{"line":14,"column":37}},"3":{"start":{"line":18,"column":4},"end":{"line":20,"column":7}},"4":{"start":{"line":24,"column":4},"end":{"line":26,"column":7}},"5":{"start":{"line":30,"column":4},"end":{"line":32,"column":7}},"6":{"start":{"line":36,"column":28},"end":{"line":36,"column":35}},"7":{"start":{"line":37,"column":4},"end":{"line":40,"column":7}},"8":{"start":{"line":5,"column":0},"end":{"line":5,"column":13}}},"fnMap":{"0":{"name":"(anonymous_0)","decl":{"start":{"line":7,"column":2},"end":{"line":7,"column":7}},"loc":{"start":{"line":7,"column":71},"end":{"line":11,"column":3}}},"1":{"name":"(anonymous_1)","decl":{"start":{"line":13,"column":2},"end":{"line":13,"column":7}},"loc":{"start":{"line":13,"column":15},"end":{"line":15,"column":3}}},"2":{"name":"(anonymous_2)","decl":{"start":{"line":17,"column":2},"end":{"line":17,"column":7}},"loc":{"start":{"line":17,"column":21},"end":{"line":21,"column":3}}},"3":{"name":"(anonymous_3)","decl":{"start":{"line":23,"column":2},"end":{"line":23,"column":7}},"loc":{"start":{"line":23,"column":27},"end":{"line":27,"column":3}}},"4":{"name":"(anonymous_4)","decl":{"start":{"line":29,"column":2},"end":{"line":29,"column":7}},"loc":{"start":{"line":29,"column":33},"end":{"line":33,"column":3}}},"5":{"name":"(anonymous_5)","decl":{"start":{"line":35,"column":2},"end":{"line":35,"column":7}},"loc":{"start":{"line":35,"column":57},"end":{"line":41,"column":3}}}},"branchMap":{},"s":{"0":0,"1":0,"2":0,"3":0,"4":0,"5":0,"6":0,"7":0,"8":0},"f":{"0":0,"1":0,"2":0,"3":0,"4":0,"5":0},"b":{}}
,"C:\\Users\\gsilv\\OneDrive\\Área de Trabalho\\Trabalho\\src\\repositories\\VeiculoRepository.ts": {"path":"C:\\Users\\gsilv\\OneDrive\\Área de Trabalho\\Trabalho\\src\\repositories\\VeiculoRepository.ts","statementMap":{"0":{"start":{"line":1,"column":0},"end":{"line":1,"column":50}},"1":{"start":{"line":3,"column":0},"end":{"line":3,"column":40}},"2":{"start":{"line":8,"column":8},"end":{"line":8,"column":30}},"3":{"start":{"line":12,"column":8},"end":{"line":14,"column":11}},"4":{"start":{"line":18,"column":8},"end":{"line":20,"column":11}},"5":{"start":{"line":6,"column":0},"end":{"line":6,"column":13}}},"fnMap":{"0":{"name":"(anonymous_0)","decl":{"start":{"line":7,"column":4},"end":{"line":7,"column":null}},"loc":{"start":{"line":7,"column":4},"end":{"line":9,"column":5}}},"1":{"name":"(anonymous_1)","decl":{"start":{"line":11,"column":4},"end":{"line":11,"column":9}},"loc":{"start":{"line":11,"column":35},"end":{"line":15,"column":5}}},"2":{"name":"(anonymous_2)","decl":{"start":{"line":17,"column":4},"end":{"line":17,"column":9}},"loc":{"start":{"line":17,"column":51},"end":{"line":21,"column":5}}}},"branchMap":{},"s":{"0":0,"1":0,"2":0,"3":0,"4":0,"5":0},"f":{"0":0,"1":0,"2":0},"b":{}}
,"C:\\Users\\gsilv\\OneDrive\\Área de Trabalho\\Trabalho\\src\\routes\\carona.routes.ts": {"path":"C:\\Users\\gsilv\\OneDrive\\Área de Trabalho\\Trabalho\\src\\routes\\carona.routes.ts","statementMap":{"0":{"start":{"line":2,"column":0},"end":{"line":2,"column":33}},"1":{"start":{"line":3,"column":0},"end":{"line":3,"column":67}},"2":{"start":{"line":4,"column":0},"end":{"line":4,"column":58}},"3":{"start":{"line":5,"column":0},"end":{"line":5,"column":68}},"4":{"start":{"line":7,"column":25},"end":{"line":7,"column":47}},"5":{"start":{"line":8,"column":22},"end":{"line":8,"column":57}},"6":{"start":{"line":9,"column":25},"end":{"line":9,"column":60}},"7":{"start":{"line":11,"column":21},"end":{"line":11,"column":29}},"8":{"start":{"line":31,"column":9},"end":{"line":31,"column":21}},"9":{"start":{"line":14,"column":0},"end":{"line":14,"column":71}},"10":{"start":{"line":15,"column":0},"end":{"line":15,"column":71}},"11":{"start":{"line":17,"column":0},"end":{"line":22,"column":3}},"12":{"start":{"line":18,"column":12},"end":{"line":18,"column":59}},"13":{"start":{"line":19,"column":2},"end":{"line":19,"column":52}},"14":{"start":{"line":19,"column":30},"end":{"line":19,"column":52}},"15":{"start":{"line":20,"column":2},"end":{"line":20,"column":62}},"16":{"start":{"line":20,"column":37},"end":{"line":20,"column":62}},"17":{"start":{"line":21,"column":2},"end":{"line":21,"column":44}},"18":{"start":{"line":23,"column":0},"end":{"line":23,"column":83}},"19":{"start":{"line":24,"column":0},"end":{"line":24,"column":92}},"20":{"start":{"line":26,"column":0},"end":{"line":26,"column":75}},"21":{"start":{"line":27,"column":0},"end":{"line":27,"column":73}},"22":{"start":{"line":28,"column":0},"end":{"line":28,"column":88}},"23":{"start":{"line":29,"column":0},"end":{"line":29,"column":76}}},"fnMap":{"0":{"name":"(anonymous_0)","decl":{"start":{"line":17,"column":28},"end":{"line":17,"column":29}},"loc":{"start":{"line":17,"column":41},"end":{"line":22,"column":1}}}},"branchMap":{"0":{"loc":{"start":{"line":19,"column":2},"end":{"line":19,"column":52}},"type":"if","locations":[{"start":{"line":19,"column":2},"end":{"line":19,"column":52}},{"start":{},"end":{}}]},"1":{"loc":{"start":{"line":20,"column":2},"end":{"line":20,"column":62}},"type":"if","locations":[{"start":{"line":20,"column":2},"end":{"line":20,"column":62}},{"start":{},"end":{}}]}},"s":{"0":0,"1":0,"2":0,"3":0,"4":0,"5":0,"6":0,"7":0,"8":0,"9":0,"10":0,"11":0,"12":0,"13":0,"14":0,"15":0,"16":0,"17":0,"18":0,"19":0,"20":0,"21":0,"22":0,"23":0},"f":{"0":0},"b":{"0":[0,0],"1":[0,0]}}
,"C:\\Users\\gsilv\\OneDrive\\Área de Trabalho\\Trabalho\\src\\routes\\health.routes.ts": {"path":"C:\\Users\\gsilv\\OneDrive\\Área de Trabalho\\Trabalho\\src\\routes\\health.routes.ts","statementMap":{"0":{"start":{"line":1,"column":0},"end":{"line":1,"column":52}},"1":{"start":{"line":3,"column":21},"end":{"line":3,"column":29}},"2":{"start":{"line":9,"column":9},"end":{"line":9,"column":21}},"3":{"start":{"line":5,"column":0},"end":{"line":7,"column":3}},"4":{"start":{"line":6,"column":2},"end":{"line":6,"column":29}}},"fnMap":{"0":{"name":"(anonymous_0)","decl":{"start":{"line":5,"column":22},"end":{"line":5,"column":23}},"loc":{"start":{"line":5,"column":54},"end":{"line":7,"column":1}}}},"branchMap":{},"s":{"0":0,"1":0,"2":0,"3":0,"4":0},"f":{"0":0},"b":{}}
,"C:\\Users\\gsilv\\OneDrive\\Área de Trabalho\\Trabalho\\src\\routes\\reserva.routes.ts": {"path":"C:\\Users\\gsilv\\OneDrive\\Área de Trabalho\\Trabalho\\src\\routes\\reserva.routes.ts","statementMap":{"0":{"start":{"line":1,"column":0},"end":{"line":1,"column":33}},"1":{"start":{"line":2,"column":0},"end":{"line":2,"column":69}},"2":{"start":{"line":3,"column":0},"end":{"line":3,"column":60}},"3":{"start":{"line":4,"column":0},"end":{"line":4,"column":70}},"4":{"start":{"line":5,"column":0},"end":{"line":5,"column":68}},"5":{"start":{"line":7,"column":22},"end":{"line":7,"column":30}},"6":{"start":{"line":23,"column":9},"end":{"line":23,"column":22}},"7":{"start":{"line":10,"column":26},"end":{"line":10,"column":49}},"8":{"start":{"line":11,"column":25},"end":{"line":11,"column":47}},"9":{"start":{"line":12,"column":23},"end":{"line":12,"column":78}},"10":{"start":{"line":13,"column":19},"end":{"line":13,"column":56}},"11":{"start":{"line":15,"column":0},"end":{"line":15,"column":60}},"12":{"start":{"line":16,"column":0},"end":{"line":16,"column":60}},"13":{"start":{"line":17,"column":0},"end":{"line":17,"column":64}},"14":{"start":{"line":18,"column":0},"end":{"line":18,"column":83}},"15":{"start":{"line":19,"column":0},"end":{"line":19,"column":86}},"16":{"start":{"line":20,"column":0},"end":{"line":20,"column":77}},"17":{"start":{"line":21,"column":0},"end":{"line":21,"column":65}}},"fnMap":{},"branchMap":{},"s":{"0":0,"1":0,"2":0,"3":0,"4":0,"5":0,"6":0,"7":0,"8":0,"9":0,"10":0,"11":0,"12":0,"13":0,"14":0,"15":0,"16":0,"17":0},"f":{},"b":{}}
,"C:\\Users\\gsilv\\OneDrive\\Área de Trabalho\\Trabalho\\src\\routes\\router.routes.ts": {"path":"C:\\Users\\gsilv\\OneDrive\\Área de Trabalho\\Trabalho\\src\\routes\\router.routes.ts","statementMap":{"0":{"start":{"line":1,"column":0},"end":{"line":1,"column":32}},"1":{"start":{"line":3,"column":0},"end":{"line":3,"column":49}},"2":{"start":{"line":4,"column":0},"end":{"line":4,"column":47}},"3":{"start":{"line":5,"column":0},"end":{"line":5,"column":49}},"4":{"start":{"line":6,"column":0},"end":{"line":6,"column":47}},"5":{"start":{"line":7,"column":0},"end":{"line":7,"column":49}},"6":{"start":{"line":9,"column":15},"end":{"line":9,"column":23}},"7":{"start":{"line":11,"column":0},"end":{"line":11,"column":39}},"8":{"start":{"line":12,"column":0},"end":{"line":12,"column":36}},"9":{"start":{"line":13,"column":0},"end":{"line":13,"column":39}},"10":{"start":{"line":14,"column":0},"end":{"line":14,"column":36}},"11":{"start":{"line":15,"column":0},"end":{"line":15,"column":39}},"12":{"start":{"line":17,"column":0},"end":{"line":17,"column":22}}},"fnMap":{},"branchMap":{},"s":{"0":0,"1":0,"2":0,"3":0,"4":0,"5":0,"6":0,"7":0,"8":0,"9":0,"10":0,"11":0,"12":0},"f":{},"b":{}}
,"C:\\Users\\gsilv\\OneDrive\\Área de Trabalho\\Trabalho\\src\\routes\\usuario.routes.ts": {"path":"C:\\Users\\gsilv\\OneDrive\\Área de Trabalho\\Trabalho\\src\\routes\\usuario.routes.ts","statementMap":{"0":{"start":{"line":1,"column":0},"end":{"line":1,"column":33}},"1":{"start":{"line":2,"column":0},"end":{"line":2,"column":69}},"2":{"start":{"line":3,"column":0},"end":{"line":3,"column":60}},"3":{"start":{"line":4,"column":0},"end":{"line":4,"column":70}},"4":{"start":{"line":6,"column":22},"end":{"line":6,"column":30}},"5":{"start":{"line":18,"column":9},"end":{"line":18,"column":22}},"6":{"start":{"line":8,"column":19},"end":{"line":8,"column":42}},"7":{"start":{"line":9,"column":16},"end":{"line":9,"column":46}},"8":{"start":{"line":10,"column":19},"end":{"line":10,"column":49}},"9":{"start":{"line":12,"column":0},"end":{"line":12,"column":60}},"10":{"start":{"line":13,"column":0},"end":{"line":13,"column":60}},"11":{"start":{"line":14,"column":0},"end":{"line":14,"column":64}},"12":{"start":{"line":15,"column":0},"end":{"line":15,"column":64}},"13":{"start":{"line":16,"column":0},"end":{"line":16,"column":65}}},"fnMap":{},"branchMap":{},"s":{"0":0,"1":0,"2":0,"3":0,"4":0,"5":0,"6":0,"7":0,"8":0,"9":0,"10":0,"11":0,"12":0,"13":0},"f":{},"b":{}}
,"C:\\Users\\gsilv\\OneDrive\\Área de Trabalho\\Trabalho\\src\\routes\\veiculo.routes.ts": {"path":"C:\\Users\\gsilv\\OneDrive\\Área de Trabalho\\Trabalho\\src\\routes\\veiculo.routes.ts","statementMap":{"0":{"start":{"line":1,"column":0},"end":{"line":1,"column":33}},"1":{"start":{"line":2,"column":0},"end":{"line":2,"column":69}},"2":{"start":{"line":3,"column":0},"end":{"line":3,"column":60}},"3":{"start":{"line":4,"column":0},"end":{"line":4,"column":70}},"4":{"start":{"line":5,"column":0},"end":{"line":5,"column":70}},"5":{"start":{"line":7,"column":22},"end":{"line":7,"column":30}},"6":{"start":{"line":21,"column":9},"end":{"line":21,"column":22}},"7":{"start":{"line":9,"column":26},"end":{"line":9,"column":49}},"8":{"start":{"line":10,"column":26},"end":{"line":10,"column":49}},"9":{"start":{"line":11,"column":23},"end":{"line":11,"column":79}},"10":{"start":{"line":12,"column":26},"end":{"line":12,"column":63}},"11":{"start":{"line":14,"column":0},"end":{"line":14,"column":74}},"12":{"start":{"line":15,"column":0},"end":{"line":15,"column":74}},"13":{"start":{"line":16,"column":0},"end":{"line":16,"column":78}},"14":{"start":{"line":17,"column":0},"end":{"line":17,"column":98}},"15":{"start":{"line":18,"column":0},"end":{"line":18,"column":76}},"16":{"start":{"line":19,"column":0},"end":{"line":19,"column":79}}},"fnMap":{},"branchMap":{},"s":{"0":0,"1":0,"2":0,"3":0,"4":0,"5":0,"6":0,"7":0,"8":0,"9":0,"10":0,"11":0,"12":0,"13":0,"14":0,"15":0,"16":0},"f":{},"b":{}}
,"C:\\Users\\gsilv\\OneDrive\\Área de Trabalho\\Trabalho\\src\\services\\CaronaService.ts": {"path":"C:\\Users\\gsilv\\OneDrive\\Área de Trabalho\\Trabalho\\src\\services\\CaronaService.ts","statementMap":{"0":{"start":{"line":2,"column":0},"end":{"line":2,"column":66}},"1":{"start":{"line":9,"column":31},"end":{"line":9,"column":65}},"2":{"start":{"line":12,"column":4},"end":{"line":15,"column":5}},"3":{"start":{"line":14,"column":6},"end":{"line":14,"column":122}},"4":{"start":{"line":17,"column":4},"end":{"line":19,"column":5}},"5":{"start":{"line":18,"column":6},"end":{"line":18,"column":68}},"6":{"start":{"line":21,"column":4},"end":{"line":25,"column":5}},"7":{"start":{"line":22,"column":6},"end":{"line":24,"column":7}},"8":{"start":{"line":23,"column":8},"end":{"line":23,"column":64}},"9":{"start":{"line":27,"column":26},"end":{"line":27,"column":54}},"10":{"start":{"line":28,"column":4},"end":{"line":30,"column":5}},"11":{"start":{"line":29,"column":6},"end":{"line":29,"column":47}},"12":{"start":{"line":32,"column":4},"end":{"line":34,"column":5}},"13":{"start":{"line":33,"column":6},"end":{"line":33,"column":55}},"14":{"start":{"line":36,"column":20},"end":{"line":39,"column":6}},"15":{"start":{"line":41,"column":4},"end":{"line":41,"column":49}},"16":{"start":{"line":54,"column":4},"end":{"line":58,"column":5}},"17":{"start":{"line":55,"column":6},"end":{"line":57,"column":7}},"18":{"start":{"line":56,"column":8},"end":{"line":56,"column":77}},"19":{"start":{"line":59,"column":4},"end":{"line":59,"column":50}},"20":{"start":{"line":63,"column":4},"end":{"line":65,"column":7}},"21":{"start":{"line":69,"column":4},"end":{"line":71,"column":5}},"22":{"start":{"line":70,"column":6},"end":{"line":70,"column":37}},"23":{"start":{"line":73,"column":19},"end":{"line":73,"column":59}},"24":{"start":{"line":75,"column":4},"end":{"line":77,"column":5}},"25":{"start":{"line":76,"column":6},"end":{"line":76,"column":47}},"26":{"start":{"line":79,"column":4},"end":{"line":79,"column":18}},"27":{"start":{"line":83,"column":4},"end":{"line":85,"column":5}},"28":{"start":{"line":84,"column":6},"end":{"line":84,"column":50}},"29":{"start":{"line":87,"column":4},"end":{"line":87,"column":62}},"30":{"start":{"line":91,"column":28},"end":{"line":91,"column":51}},"31":{"start":{"line":93,"column":4},"end":{"line":95,"column":5}},"32":{"start":{"line":94,"column":6},"end":{"line":94,"column":64}},"33":{"start":{"line":97,"column":4},"end":{"line":99,"column":5}},"34":{"start":{"line":98,"column":6},"end":{"line":98,"column":68}},"35":{"start":{"line":101,"column":4},"end":{"line":103,"column":5}},"36":{"start":{"line":105,"column":20},"end":{"line":105,"column":31}},"37":{"start":{"line":107,"column":4},"end":{"line":116,"column":5}},"38":{"start":{"line":108,"column":22},"end":{"line":108,"column":50}},"39":{"start":{"line":109,"column":6},"end":{"line":111,"column":7}},"40":{"start":{"line":110,"column":8},"end":{"line":110,"column":49}},"41":{"start":{"line":112,"column":6},"end":{"line":114,"column":7}},"42":{"start":{"line":113,"column":8},"end":{"line":113,"column":57}},"43":{"start":{"line":115,"column":6},"end":{"line":115,"column":38}},"44":{"start":{"line":118,"column":29},"end":{"line":118,"column":76}},"45":{"start":{"line":120,"column":4},"end":{"line":122,"column":5}},"46":{"start":{"line":121,"column":6},"end":{"line":121,"column":50}},"47":{"start":{"line":124,"column":4},"end":{"line":124,"column":28}},"48":{"start":{"line":128,"column":28},"end":{"line":128,"column":51}},"49":{"start":{"line":130,"column":4},"end":{"line":132,"column":5}},"50":{"start":{"line":131,"column":6},"end":{"line":131,"column":83}},"51":{"start":{"line":134,"column":4},"end":{"line":136,"column":5}},"52":{"start":{"line":135,"column":6},"end":{"line":135,"column":82}},"53":{"start":{"line":138,"column":4},"end":{"line":140,"column":5}},"54":{"start":{"line":139,"column":6},"end":{"line":139,"column":60}},"55":{"start":{"line":142,"column":4},"end":{"line":144,"column":5}},"56":{"start":{"line":143,"column":6},"end":{"line":143,"column":64}},"57":{"start":{"line":146,"column":4},"end":{"line":148,"column":5}},"58":{"start":{"line":147,"column":6},"end":{"line":147,"column":75}},"59":{"start":{"line":150,"column":4},"end":{"line":150,"column":58}},"60":{"start":{"line":154,"column":28},"end":{"line":154,"column":51}},"61":{"start":{"line":156,"column":4},"end":{"line":158,"column":5}},"62":{"start":{"line":157,"column":6},"end":{"line":157,"column":74}},"63":{"start":{"line":160,"column":4},"end":{"line":162,"column":5}},"64":{"start":{"line":161,"column":6},"end":{"line":161,"column":50}},"65":{"start":{"line":164,"column":4},"end":{"line":164,"column":74}},"66":{"start":{"line":8,"column":0},"end":{"line":8,"column":13}}},"fnMap":{"0":{"name":"(anonymous_0)","decl":{"start":{"line":9,"column":2},"end":{"line":9,"column":31}},"loc":{"start":{"line":9,"column":65},"end":{"line":9,"column":70}}},"1":{"name":"(anonymous_1)","decl":{"start":{"line":11,"column":2},"end":{"line":11,"column":7}},"loc":{"start":{"line":11,"column":36},"end":{"line":42,"column":3}}},"2":{"name":"(anonymous_2)","decl":{"start":{"line":44,"column":2},"end":{"line":44,"column":7}},"loc":{"start":{"line":53,"column":3},"end":{"line":60,"column":3}}},"3":{"name":"(anonymous_3)","decl":{"start":{"line":62,"column":2},"end":{"line":62,"column":7}},"loc":{"start":{"line":62,"column":21},"end":{"line":66,"column":3}}},"4":{"name":"(anonymous_4)","decl":{"start":{"line":68,"column":2},"end":{"line":68,"column":7}},"loc":{"start":{"line":68,"column":27},"end":{"line":80,"column":3}}},"5":{"name":"(anonymous_5)","decl":{"start":{"line":82,"column":2},"end":{"line":82,"column":7}},"loc":{"start":{"line":82,"column":43},"end":{"line":88,"column":3}}},"6":{"name":"(anonymous_6)","decl":{"start":{"line":90,"column":2},"end":{"line":90,"column":7}},"loc":{"start":{"line":90,"column":48},"end":{"line":125,"column":3}}},"7":{"name":"(anonymous_7)","decl":{"start":{"line":127,"column":2},"end":{"line":127,"column":7}},"loc":{"start":{"line":127,"column":53},"end":{"line":151,"column":3}}},"8":{"name":"(anonymous_8)","decl":{"start":{"line":153,"column":2},"end":{"line":153,"column":7}},"loc":{"start":{"line":153,"column":29},"end":{"line":165,"column":3}}}},"branchMap":{"0":{"loc":{"start":{"line":12,"column":4},"end":{"line":15,"column":5}},"type":"if","locations":[{"start":{"line":12,"column":4},"end":{"line":15,"column":5}},{"start":{},"end":{}}]},"1":{"loc":{"start":{"line":12,"column":8},"end":{"line":13,"column":121}},"type":"binary-expr","locations":[{"start":{"line":12,"column":8},"end":{"line":12,"column":25}},{"start":{"line":12,"column":29},"end":{"line":12,"column":44}},{"start":{"line":12,"column":48},"end":{"line":12,"column":60}},{"start":{"line":13,"column":6},"end":{"line":13,"column":19}},{"start":{"line":13,"column":23},"end":{"line":13,"column":42}},{"start":{"line":13,"column":46},"end":{"line":13,"column":84}},{"start":{"line":13,"column":88},"end":{"line":13,"column":121}}]},"2":{"loc":{"start":{"line":17,"column":4},"end":{"line":19,"column":5}},"type":"if","locations":[{"start":{"line":17,"column":4},"end":{"line":19,"column":5}},{"start":{},"end":{}}]},"3":{"loc":{"start":{"line":17,"column":8},"end":{"line":17,"column":68}},"type":"binary-expr","locations":[{"start":{"line":17,"column":8},"end":{"line":17,"column":36}},{"start":{"line":17,"column":40},"end":{"line":17,"column":68}}]},"4":{"loc":{"start":{"line":21,"column":4},"end":{"line":25,"column":5}},"type":"if","locations":[{"start":{"line":21,"column":4},"end":{"line":25,"column":5}},{"start":{},"end":{}}]},"5":{"loc":{"start":{"line":21,"column":8},"end":{"line":21,"column":65}},"type":"binary-expr","locations":[{"start":{"line":21,"column":8},"end":{"line":21,"column":32}},{"start":{"line":21,"column":36},"end":{"line":21,"column":65}}]},"6":{"loc":{"start":{"line":22,"column":6},"end":{"line":24,"column":7}},"type":"if","locations":[{"start":{"line":22,"column":6},"end":{"line":24,"column":7}},{"start":{},"end":{}}]},"7":{"loc":{"start":{"line":22,"column":10},"end":{"line":22,"column":68}},"type":"binary-expr","locations":[{"start":{"line":22,"column":10},"end":{"line":22,"column":45}},{"start":{"line":22,"column":49},"end":{"line":22,"column":68}}]},"8":{"loc":{"start":{"line":28,"column":4},"end":{"line":30,"column":5}},"type":"if","locations":[{"start":{"line":28,"column":4},"end":{"line":30,"column":5}},{"start":{},"end":{}}]},"9":{"loc":{"start":{"line":32,"column":4},"end":{"line":34,"column":5}},"type":"if","locations":[{"start":{"line":32,"column":4},"end":{"line":34,"column":5}},{"start":{},"end":{}}]},"10":{"loc":{"start":{"line":54,"column":4},"end":{"line":58,"column":5}},"type":"if","locations":[{"start":{"line":54,"column":4},"end":{"line":58,"column":5}},{"start":{},"end":{}}]},"11":{"loc":{"start":{"line":55,"column":6},"end":{"line":57,"column":7}},"type":"if","locations":[{"start":{"line":55,"column":6},"end":{"line":57,"column":7}},{"start":{},"end":{}}]},"12":{"loc":{"start":{"line":55,"column":10},"end":{"line":55,"column":117}},"type":"binary-expr","locations":[{"start":{"line":55,"column":10},"end":{"line":55,"column":53}},{"start":{"line":55,"column":57},"end":{"line":55,"column":85}},{"start":{"line":55,"column":89},"end":{"line":55,"column":117}}]},"13":{"loc":{"start":{"line":69,"column":4},"end":{"line":71,"column":5}},"type":"if","locations":[{"start":{"line":69,"column":4},"end":{"line":71,"column":5}},{"start":{},"end":{}}]},"14":{"loc":{"start":{"line":75,"column":4},"end":{"line":77,"column":5}},"type":"if","locations":[{"start":{"line":75,"column":4},"end":{"line":77,"column":5}},{"start":{},"end":{}}]},"15":{"loc":{"start":{"line":83,"column":4},"end":{"line":85,"column":5}},"type":"if","locations":[{"start":{"line":83,"column":4},"end":{"line":85,"column":5}},{"start":{},"end":{}}]},"16":{"loc":{"start":{"line":93,"column":4},"end":{"line":95,"column":5}},"type":"if","locations":[{"start":{"line":93,"column":4},"end":{"line":95,"column":5}},{"start":{},"end":{}}]},"17":{"loc":{"start":{"line":97,"column":4},"end":{"line":99,"column":5}},"type":"if","locations":[{"start":{"line":97,"column":4},"end":{"line":99,"column":5}},{"start":{},"end":{}}]},"18":{"loc":{"start":{"line":97,"column":8},"end":{"line":97,"column":112}},"type":"binary-expr","locations":[{"start":{"line":97,"column":8},"end":{"line":97,"column":46}},{"start":{"line":97,"column":51},"end":{"line":97,"column":79}},{"start":{"line":97,"column":83},"end":{"line":97,"column":111}}]},"19":{"loc":{"start":{"line":101,"column":4},"end":{"line":103,"column":5}},"type":"if","locations":[{"start":{"line":101,"column":4},"end":{"line":103,"column":5}},{"start":{},"end":{}}]},"20":{"loc":{"start":{"line":101,"column":8},"end":{"line":101,"column":65}},"type":"binary-expr","locations":[{"start":{"line":101,"column":8},"end":{"line":101,"column":37}},{"start":{"line":101,"column":41},"end":{"line":101,"column":65}}]},"21":{"loc":{"start":{"line":107,"column":4},"end":{"line":116,"column":5}},"type":"if","locations":[{"start":{"line":107,"column":4},"end":{"line":116,"column":5}},{"start":{},"end":{}}]},"22":{"loc":{"start":{"line":109,"column":6},"end":{"line":111,"column":7}},"type":"if","locations":[{"start":{"line":109,"column":6},"end":{"line":111,"column":7}},{"start":{},"end":{}}]},"23":{"loc":{"start":{"line":112,"column":6},"end":{"line":114,"column":7}},"type":"if","locations":[{"start":{"line":112,"column":6},"end":{"line":114,"column":7}},{"start":{},"end":{}}]},"24":{"loc":{"start":{"line":120,"column":4},"end":{"line":122,"column":5}},"type":"if","locations":[{"start":{"line":120,"column":4},"end":{"line":122,"column":5}},{"start":{},"end":{}}]},"25":{"loc":{"start":{"line":130,"column":4},"end":{"line":132,"column":5}},"type":"if","locations":[{"start":{"line":130,"column":4},"end":{"line":132,"column":5}},{"start":{},"end":{}}]},"26":{"loc":{"start":{"line":134,"column":4},"end":{"line":136,"column":5}},"type":"if","locations":[{"start":{"line":134,"column":4},"end":{"line":136,"column":5}},{"start":{},"end":{}}]},"27":{"loc":{"start":{"line":138,"column":4},"end":{"line":140,"column":5}},"type":"if","locations":[{"start":{"line":138,"column":4},"end":{"line":140,"column":5}},{"start":{},"end":{}}]},"28":{"loc":{"start":{"line":142,"column":4},"end":{"line":144,"column":5}},"type":"if","locations":[{"start":{"line":142,"column":4},"end":{"line":144,"column":5}},{"start":{},"end":{}}]},"29":{"loc":{"start":{"line":142,"column":8},"end":{"line":142,"column":96}},"type":"binary-expr","locations":[{"start":{"line":142,"column":8},"end":{"line":142,"column":44}},{"start":{"line":142,"column":48},"end":{"line":142,"column":96}}]},"30":{"loc":{"start":{"line":146,"column":4},"end":{"line":148,"column":5}},"type":"if","locations":[{"start":{"line":146,"column":4},"end":{"line":148,"column":5}},{"start":{},"end":{}}]},"31":{"loc":{"start":{"line":146,"column":8},"end":{"line":146,"column":98}},"type":"binary-expr","locations":[{"start":{"line":146,"column":8},"end":{"line":146,"column":42}},{"start":{"line":146,"column":46},"end":{"line":146,"column":98}}]},"32":{"loc":{"start":{"line":156,"column":4},"end":{"line":158,"column":5}},"type":"if","locations":[{"start":{"line":156,"column":4},"end":{"line":158,"column":5}},{"start":{},"end":{}}]},"33":{"loc":{"start":{"line":160,"column":4},"end":{"line":162,"column":5}},"type":"if","locations":[{"start":{"line":160,"column":4},"end":{"line":162,"column":5}},{"start":{},"end":{}}]}},"s":{"0":1,"1":35,"2":7,"3":1,"4":6,"5":2,"6":4,"7":4,"8":1,"9":3,"10":3,"11":1,"12":2,"13":1,"14":1,"15":1,"16":6,"17":4,"18":3,"19":3,"20":1,"21":19,"22":1,"23":18,"24":18,"25":1,"26":17,"27":2,"28":1,"29":1,"30":6,"31":6,"32":1,"33":5,"34":1,"35":4,"36":4,"37":4,"38":2,"39":2,"40":1,"41":1,"42":1,"43":0,"44":2,"45":2,"46":1,"47":1,"48":7,"49":7,"50":1,"51":6,"52":1,"53":5,"54":1,"55":4,"56":1,"57":3,"58":1,"59":2,"60":3,"61":3,"62":1,"63":2,"64":1,"65":1,"66":1},"f":{"0":35,"1":7,"2":6,"3":1,"4":19,"5":2,"6":6,"7":7,"8":3},"b":{"0":[1,6],"1":[7,7,7,6,6,6,6],"2":[2,4],"3":[6,5],"4":[4,0],"5":[4,4],"6":[1,3],"7":[4,1],"8":[1,2],"9":[1,1],"10":[4,2],"11":[3,1],"12":[4,3,2],"13":[1,18],"14":[1,17],"15":[1,1],"16":[1,5],"17":[1,4],"18":[5,1,1],"19":[0,4],"20":[4,0],"21":[2,2],"22":[1,1],"23":[1,0],"24":[1,1],"25":[1,6],"26":[1,5],"27":[1,4],"28":[1,3],"29":[4,2],"30":[1,2],"31":[3,2],"32":[1,2],"33":[1,1]}}
,"C:\\Users\\gsilv\\OneDrive\\Área de Trabalho\\Trabalho\\src\\services\\ReservaService.ts": {"path":"C:\\Users\\gsilv\\OneDrive\\Área de Trabalho\\Trabalho\\src\\services\\ReservaService.ts","statementMap":{"0":{"start":{"line":3,"column":0},"end":{"line":3,"column":68}},"1":{"start":{"line":9,"column":16},"end":{"line":9,"column":52}},"2":{"start":{"line":10,"column":16},"end":{"line":10,"column":50}},"3":{"start":{"line":14,"column":8},"end":{"line":16,"column":9}},"4":{"start":{"line":15,"column":12},"end":{"line":15,"column":73}},"5":{"start":{"line":18,"column":23},"end":{"line":18,"column":74}},"6":{"start":{"line":19,"column":8},"end":{"line":21,"column":9}},"7":{"start":{"line":20,"column":12},"end":{"line":20,"column":49}},"8":{"start":{"line":23,"column":8},"end":{"line":25,"column":9}},"9":{"start":{"line":24,"column":12},"end":{"line":24,"column":137}},"10":{"start":{"line":27,"column":8},"end":{"line":30,"column":11}},"11":{"start":{"line":34,"column":8},"end":{"line":34,"column":48}},"12":{"start":{"line":38,"column":24},"end":{"line":38,"column":65}},"13":{"start":{"line":39,"column":8},"end":{"line":41,"column":9}},"14":{"start":{"line":40,"column":12},"end":{"line":40,"column":54}},"15":{"start":{"line":42,"column":8},"end":{"line":42,"column":23}},"16":{"start":{"line":46,"column":8},"end":{"line":46,"column":63}},"17":{"start":{"line":50,"column":8},"end":{"line":50,"column":65}},"18":{"start":{"line":54,"column":24},"end":{"line":54,"column":47}},"19":{"start":{"line":55,"column":23},"end":{"line":55,"column":77}},"20":{"start":{"line":56,"column":8},"end":{"line":58,"column":9}},"21":{"start":{"line":57,"column":12},"end":{"line":57,"column":63}},"22":{"start":{"line":60,"column":8},"end":{"line":62,"column":9}},"23":{"start":{"line":61,"column":12},"end":{"line":61,"column":79}},"24":{"start":{"line":64,"column":8},"end":{"line":81,"column":9}},"25":{"start":{"line":65,"column":12},"end":{"line":67,"column":13}},"26":{"start":{"line":66,"column":16},"end":{"line":66,"column":92}},"27":{"start":{"line":69,"column":12},"end":{"line":69,"column":84}},"28":{"start":{"line":70,"column":12},"end":{"line":70,"column":94}},"29":{"start":{"line":71,"column":15},"end":{"line":81,"column":9}},"30":{"start":{"line":73,"column":12},"end":{"line":73,"column":83}},"31":{"start":{"line":74,"column":12},"end":{"line":74,"column":93}},"32":{"start":{"line":75,"column":15},"end":{"line":81,"column":9}},"33":{"start":{"line":77,"column":13},"end":{"line":77,"column":84}},"34":{"start":{"line":80,"column":13},"end":{"line":80,"column":71}},"35":{"start":{"line":83,"column":8},"end":{"line":83,"column":71}},"36":{"start":{"line":87,"column":8},"end":{"line":87,"column":62}},"37":{"start":{"line":7,"column":0},"end":{"line":7,"column":13}}},"fnMap":{"0":{"name":"(anonymous_0)","decl":{"start":{"line":8,"column":4},"end":{"line":8,"column":null}},"loc":{"start":{"line":10,"column":50},"end":{"line":11,"column":9}}},"1":{"name":"(anonymous_1)","decl":{"start":{"line":13,"column":4},"end":{"line":13,"column":9}},"loc":{"start":{"line":13,"column":55},"end":{"line":31,"column":5}}},"2":{"name":"(anonymous_2)","decl":{"start":{"line":33,"column":4},"end":{"line":33,"column":9}},"loc":{"start":{"line":33,"column":17},"end":{"line":35,"column":5}}},"3":{"name":"(anonymous_3)","decl":{"start":{"line":37,"column":4},"end":{"line":37,"column":9}},"loc":{"start":{"line":37,"column":29},"end":{"line":43,"column":5}}},"4":{"name":"(anonymous_4)","decl":{"start":{"line":45,"column":4},"end":{"line":45,"column":9}},"loc":{"start":{"line":45,"column":41},"end":{"line":47,"column":5}}},"5":{"name":"(anonymous_5)","decl":{"start":{"line":49,"column":4},"end":{"line":49,"column":9}},"loc":{"start":{"line":49,"column":43},"end":{"line":51,"column":5}}},"6":{"name":"(anonymous_6)","decl":{"start":{"line":53,"column":4},"end":{"line":53,"column":9}},"loc":{"start":{"line":53,"column":60},"end":{"line":84,"column":5}}},"7":{"name":"(anonymous_7)","decl":{"start":{"line":86,"column":4},"end":{"line":86,"column":9}},"loc":{"start":{"line":86,"column":27},"end":{"line":88,"column":5}}}},"branchMap":{"0":{"loc":{"start":{"line":14,"column":8},"end":{"line":16,"column":9}},"type":"if","locations":[{"start":{"line":14,"column":8},"end":{"line":16,"column":9}},{"start":{},"end":{}}]},"1":{"loc":{"start":{"line":14,"column":12},"end":{"line":14,"column":45}},"type":"binary-expr","locations":[{"start":{"line":14,"column":12},"end":{"line":14,"column":26}},{"start":{"line":14,"column":30},"end":{"line":14,"column":45}}]},"2":{"loc":{"start":{"line":19,"column":8},"end":{"line":21,"column":9}},"type":"if","locations":[{"start":{"line":19,"column":8},"end":{"line":21,"column":9}},{"start":{},"end":{}}]},"3":{"loc":{"start":{"line":23,"column":8},"end":{"line":25,"column":9}},"type":"if","locations":[{"start":{"line":23,"column":8},"end":{"line":25,"column":9}},{"start":{},"end":{}}]},"4":{"loc":{"start":{"line":39,"column":8},"end":{"line":41,"column":9}},"type":"if","locations":[{"start":{"line":39,"column":8},"end":{"line":41,"column":9}},{"start":{},"end":{}}]},"5":{"loc":{"start":{"line":56,"column":8},"end":{"line":58,"column":9}},"type":"if","locations":[{"start":{"line":56,"column":8},"end":{"line":58,"column":9}},{"start":{},"end":{}}]},"6":{"loc":{"start":{"line":60,"column":8},"end":{"line":62,"column":9}},"type":"if","locations":[{"start":{"line":60,"column":8},"end":{"line":62,"column":9}},{"start":{},"end":{}}]},"7":{"loc":{"start":{"line":64,"column":8},"end":{"line":81,"column":9}},"type":"if","locations":[{"start":{"line":64,"column":8},"end":{"line":81,"column":9}},{"start":{"line":71,"column":15},"end":{"line":81,"column":9}}]},"8":{"loc":{"start":{"line":64,"column":12},"end":{"line":64,"column":98}},"type":"binary-expr","locations":[{"start":{"line":64,"column":12},"end":{"line":64,"column":51}},{"start":{"line":64,"column":55},"end":{"line":64,"column":98}}]},"9":{"loc":{"start":{"line":65,"column":12},"end":{"line":67,"column":13}},"type":"if","locations":[{"start":{"line":65,"column":12},"end":{"line":67,"column":13}},{"start":{},"end":{}}]},"10":{"loc":{"start":{"line":71,"column":15},"end":{"line":81,"column":9}},"type":"if","locations":[{"start":{"line":71,"column":15},"end":{"line":81,"column":9}},{"start":{"line":75,"column":15},"end":{"line":81,"column":9}}]},"11":{"loc":{"start":{"line":71,"column":19},"end":{"line":71,"column":104}},"type":"binary-expr","locations":[{"start":{"line":71,"column":19},"end":{"line":71,"column":57}},{"start":{"line":71,"column":61},"end":{"line":71,"column":104}}]},"12":{"loc":{"start":{"line":75,"column":15},"end":{"line":81,"column":9}},"type":"if","locations":[{"start":{"line":75,"column":15},"end":{"line":81,"column":9}},{"start":{"line":78,"column":15},"end":{"line":81,"column":9}}]},"13":{"loc":{"start":{"line":75,"column":19},"end":{"line":75,"column":102}},"type":"binary-expr","locations":[{"start":{"line":75,"column":19},"end":{"line":75,"column":57}},{"start":{"line":75,"column":61},"end":{"line":75,"column":102}}]}},"s":{"0":0,"1":0,"2":0,"3":0,"4":0,"5":0,"6":0,"7":0,"8":0,"9":0,"10":0,"11":0,"12":0,"13":0,"14":0,"15":0,"16":0,"17":0,"18":0,"19":0,"20":0,"21":0,"22":0,"23":0,"24":0,"25":0,"26":0,"27":0,"28":0,"29":0,"30":0,"31":0,"32":0,"33":0,"34":0,"35":0,"36":0,"37":0},"f":{"0":0,"1":0,"2":0,"3":0,"4":0,"5":0,"6":0,"7":0},"b":{"0":[0,0],"1":[0,0],"2":[0,0],"3":[0,0],"4":[0,0],"5":[0,0],"6":[0,0],"7":[0,0],"8":[0,0],"9":[0,0],"10":[0,0],"11":[0,0],"12":[0,0],"13":[0,0]}}
,"C:\\Users\\gsilv\\OneDrive\\Área de Trabalho\\Trabalho\\src\\services\\UsuarioService.ts": {"path":"C:\\Users\\gsilv\\OneDrive\\Área de Trabalho\\Trabalho\\src\\services\\UsuarioService.ts","statementMap":{"0":{"start":{"line":9,"column":31},"end":{"line":9,"column":68}},"1":{"start":{"line":12,"column":4},"end":{"line":14,"column":5}},"2":{"start":{"line":13,"column":6},"end":{"line":13,"column":50}},"3":{"start":{"line":15,"column":4},"end":{"line":17,"column":5}},"4":{"start":{"line":16,"column":6},"end":{"line":16,"column":52}},"5":{"start":{"line":19,"column":23},"end":{"line":19,"column":75}},"6":{"start":{"line":20,"column":4},"end":{"line":22,"column":5}},"7":{"start":{"line":21,"column":6},"end":{"line":21,"column":48}},"8":{"start":{"line":24,"column":73},"end":{"line":29,"column":6}},"9":{"start":{"line":31,"column":4},"end":{"line":31,"column":54}},"10":{"start":{"line":35,"column":4},"end":{"line":35,"column":44}},"11":{"start":{"line":39,"column":4},"end":{"line":39,"column":50}},"12":{"start":{"line":43,"column":20},"end":{"line":43,"column":61}},"13":{"start":{"line":44,"column":4},"end":{"line":46,"column":5}},"14":{"start":{"line":45,"column":6},"end":{"line":45,"column":60}},"15":{"start":{"line":47,"column":4},"end":{"line":47,"column":19}},"16":{"start":{"line":51,"column":20},"end":{"line":51,"column":43}},"17":{"start":{"line":52,"column":58},"end":{"line":52,"column":73}},"18":{"start":{"line":54,"column":4},"end":{"line":56,"column":5}},"19":{"start":{"line":55,"column":6},"end":{"line":55,"column":46}},"20":{"start":{"line":57,"column":4},"end":{"line":59,"column":5}},"21":{"start":{"line":58,"column":6},"end":{"line":58,"column":64}},"22":{"start":{"line":61,"column":4},"end":{"line":61,"column":53}},"23":{"start":{"line":65,"column":20},"end":{"line":65,"column":43}},"24":{"start":{"line":66,"column":4},"end":{"line":66,"column":67}},"25":{"start":{"line":8,"column":0},"end":{"line":8,"column":13}}},"fnMap":{"0":{"name":"(anonymous_0)","decl":{"start":{"line":9,"column":2},"end":{"line":9,"column":31}},"loc":{"start":{"line":9,"column":68},"end":{"line":9,"column":72}}},"1":{"name":"(anonymous_1)","decl":{"start":{"line":11,"column":2},"end":{"line":11,"column":7}},"loc":{"start":{"line":11,"column":37},"end":{"line":32,"column":3}}},"2":{"name":"(anonymous_2)","decl":{"start":{"line":34,"column":2},"end":{"line":34,"column":7}},"loc":{"start":{"line":34,"column":15},"end":{"line":36,"column":3}}},"3":{"name":"(anonymous_3)","decl":{"start":{"line":38,"column":2},"end":{"line":38,"column":7}},"loc":{"start":{"line":38,"column":21},"end":{"line":40,"column":3}}},"4":{"name":"(anonymous_4)","decl":{"start":{"line":42,"column":2},"end":{"line":42,"column":7}},"loc":{"start":{"line":42,"column":27},"end":{"line":48,"column":3}}},"5":{"name":"(anonymous_5)","decl":{"start":{"line":50,"column":2},"end":{"line":50,"column":7}},"loc":{"start":{"line":50,"column":49},"end":{"line":62,"column":3}}},"6":{"name":"(anonymous_6)","decl":{"start":{"line":64,"column":2},"end":{"line":64,"column":7}},"loc":{"start":{"line":64,"column":29},"end":{"line":67,"column":3}}}},"branchMap":{"0":{"loc":{"start":{"line":12,"column":4},"end":{"line":14,"column":5}},"type":"if","locations":[{"start":{"line":12,"column":4},"end":{"line":14,"column":5}},{"start":{},"end":{}}]},"1":{"loc":{"start":{"line":12,"column":8},"end":{"line":12,"column":45}},"type":"binary-expr","locations":[{"start":{"line":12,"column":8},"end":{"line":12,"column":18}},{"start":{"line":12,"column":22},"end":{"line":12,"column":45}}]},"2":{"loc":{"start":{"line":15,"column":4},"end":{"line":17,"column":5}},"type":"if","locations":[{"start":{"line":15,"column":4},"end":{"line":17,"column":5}},{"start":{},"end":{}}]},"3":{"loc":{"start":{"line":15,"column":8},"end":{"line":15,"column":47}},"type":"binary-expr","locations":[{"start":{"line":15,"column":8},"end":{"line":15,"column":19}},{"start":{"line":15,"column":23},"end":{"line":15,"column":47}}]},"4":{"loc":{"start":{"line":20,"column":4},"end":{"line":22,"column":5}},"type":"if","locations":[{"start":{"line":20,"column":4},"end":{"line":22,"column":5}},{"start":{},"end":{}}]},"5":{"loc":{"start":{"line":44,"column":4},"end":{"line":46,"column":5}},"type":"if","locations":[{"start":{"line":44,"column":4},"end":{"line":46,"column":5}},{"start":{},"end":{}}]},"6":{"loc":{"start":{"line":44,"column":8},"end":{"line":44,"column":48}},"type":"binary-expr","locations":[{"start":{"line":44,"column":8},"end":{"line":44,"column":16}},{"start":{"line":44,"column":20},"end":{"line":44,"column":48}}]},"7":{"loc":{"start":{"line":54,"column":4},"end":{"line":56,"column":5}},"type":"if","locations":[{"start":{"line":54,"column":4},"end":{"line":56,"column":5}},{"start":{},"end":{}}]},"8":{"loc":{"start":{"line":57,"column":4},"end":{"line":59,"column":5}},"type":"if","locations":[{"start":{"line":57,"column":4},"end":{"line":59,"column":5}},{"start":{},"end":{}}]}},"s":{"0":11,"1":6,"2":2,"3":4,"4":2,"5":2,"6":2,"7":1,"8":1,"9":1,"10":1,"11":1,"12":5,"13":5,"14":2,"15":3,"16":1,"17":1,"18":1,"19":1,"20":1,"21":0,"22":1,"23":1,"24":1,"25":1},"f":{"0":11,"1":6,"2":1,"3":1,"4":5,"5":1,"6":1},"b":{"0":[2,4],"1":[6,5],"2":[2,2],"3":[4,3],"4":[1,1],"5":[2,3],"6":[5,4],"7":[1,0],"8":[0,1]}}
,"C:\\Users\\gsilv\\OneDrive\\Área de Trabalho\\Trabalho\\src\\services\\VeiculoService.ts": {"path":"C:\\Users\\gsilv\\OneDrive\\Área de Trabalho\\Trabalho\\src\\services\\VeiculoService.ts","statementMap":{"0":{"start":{"line":7,"column":21},"end":{"line":7,"column":58}},"1":{"start":{"line":8,"column":21},"end":{"line":8,"column":58}},"2":{"start":{"line":12,"column":4},"end":{"line":14,"column":5}},"3":{"start":{"line":13,"column":6},"end":{"line":13,"column":102}},"4":{"start":{"line":16,"column":20},"end":{"line":16,"column":78}},"5":{"start":{"line":17,"column":4},"end":{"line":19,"column":5}},"6":{"start":{"line":18,"column":6},"end":{"line":18,"column":65}},"7":{"start":{"line":21,"column":29},"end":{"line":21,"column":97}},"8":{"start":{"line":22,"column":4},"end":{"line":24,"column":5}},"9":{"start":{"line":23,"column":6},"end":{"line":23,"column":76}},"10":{"start":{"line":26,"column":27},"end":{"line":26,"column":79}},"11":{"start":{"line":27,"column":4},"end":{"line":29,"column":5}},"12":{"start":{"line":28,"column":6},"end":{"line":28,"column":62}},"13":{"start":{"line":31,"column":4},"end":{"line":31,"column":47}},"14":{"start":{"line":35,"column":4},"end":{"line":35,"column":44}},"15":{"start":{"line":39,"column":20},"end":{"line":39,"column":61}},"16":{"start":{"line":40,"column":4},"end":{"line":42,"column":5}},"17":{"start":{"line":41,"column":6},"end":{"line":41,"column":49}},"18":{"start":{"line":43,"column":4},"end":{"line":43,"column":19}},"19":{"start":{"line":47,"column":20},"end":{"line":47,"column":83}},"20":{"start":{"line":48,"column":4},"end":{"line":50,"column":5}},"21":{"start":{"line":49,"column":6},"end":{"line":49,"column":75}},"22":{"start":{"line":51,"column":4},"end":{"line":51,"column":19}},"23":{"start":{"line":55,"column":28},"end":{"line":55,"column":51}},"24":{"start":{"line":57,"column":4},"end":{"line":62,"column":5}},"25":{"start":{"line":58,"column":29},"end":{"line":58,"column":81}},"26":{"start":{"line":59,"column":6},"end":{"line":61,"column":7}},"27":{"start":{"line":60,"column":8},"end":{"line":60,"column":64}},"28":{"start":{"line":64,"column":4},"end":{"line":66,"column":5}},"29":{"start":{"line":65,"column":6},"end":{"line":65,"column":78}},"30":{"start":{"line":68,"column":4},"end":{"line":68,"column":51}},"31":{"start":{"line":72,"column":4},"end":{"line":72,"column":28}},"32":{"start":{"line":73,"column":4},"end":{"line":73,"column":44}},"33":{"start":{"line":5,"column":0},"end":{"line":5,"column":13}}},"fnMap":{"0":{"name":"(anonymous_1)","decl":{"start":{"line":11,"column":2},"end":{"line":11,"column":7}},"loc":{"start":{"line":11,"column":37},"end":{"line":32,"column":3}}},"1":{"name":"(anonymous_2)","decl":{"start":{"line":34,"column":2},"end":{"line":34,"column":7}},"loc":{"start":{"line":34,"column":15},"end":{"line":36,"column":3}}},"2":{"name":"(anonymous_3)","decl":{"start":{"line":38,"column":2},"end":{"line":38,"column":7}},"loc":{"start":{"line":38,"column":27},"end":{"line":44,"column":3}}},"3":{"name":"(anonymous_4)","decl":{"start":{"line":46,"column":2},"end":{"line":46,"column":7}},"loc":{"start":{"line":46,"column":49},"end":{"line":52,"column":3}}},"4":{"name":"(anonymous_5)","decl":{"start":{"line":54,"column":2},"end":{"line":54,"column":7}},"loc":{"start":{"line":54,"column":49},"end":{"line":69,"column":3}}},"5":{"name":"(anonymous_6)","decl":{"start":{"line":71,"column":2},"end":{"line":71,"column":7}},"loc":{"start":{"line":71,"column":25},"end":{"line":74,"column":3}}}},"branchMap":{"0":{"loc":{"start":{"line":12,"column":4},"end":{"line":14,"column":5}},"type":"if","locations":[{"start":{"line":12,"column":4},"end":{"line":14,"column":5}},{"start":{},"end":{}}]},"1":{"loc":{"start":{"line":12,"column":8},"end":{"line":12,"column":87}},"type":"binary-expr","locations":[{"start":{"line":12,"column":8},"end":{"line":12,"column":19}},{"start":{"line":12,"column":23},"end":{"line":12,"column":34}},{"start":{"line":12,"column":38},"end":{"line":12,"column":50}},{"start":{"line":12,"column":54},"end":{"line":12,"column":63}},{"start":{"line":12,"column":67},"end":{"line":12,"column":87}}]},"2":{"loc":{"start":{"line":17,"column":4},"end":{"line":19,"column":5}},"type":"if","locations":[{"start":{"line":17,"column":4},"end":{"line":19,"column":5}},{"start":{},"end":{}}]},"3":{"loc":{"start":{"line":17,"column":8},"end":{"line":17,"column":48}},"type":"binary-expr","locations":[{"start":{"line":17,"column":8},"end":{"line":17,"column":16}},{"start":{"line":17,"column":20},"end":{"line":17,"column":48}}]},"4":{"loc":{"start":{"line":22,"column":4},"end":{"line":24,"column":5}},"type":"if","locations":[{"start":{"line":22,"column":4},"end":{"line":24,"column":5}},{"start":{},"end":{}}]},"5":{"loc":{"start":{"line":27,"column":4},"end":{"line":29,"column":5}},"type":"if","locations":[{"start":{"line":27,"column":4},"end":{"line":29,"column":5}},{"start":{},"end":{}}]},"6":{"loc":{"start":{"line":40,"column":4},"end":{"line":42,"column":5}},"type":"if","locations":[{"start":{"line":40,"column":4},"end":{"line":42,"column":5}},{"start":{},"end":{}}]},"7":{"loc":{"start":{"line":48,"column":4},"end":{"line":50,"column":5}},"type":"if","locations":[{"start":{"line":48,"column":4},"end":{"line":50,"column":5}},{"start":{},"end":{}}]},"8":{"loc":{"start":{"line":57,"column":4},"end":{"line":62,"column":5}},"type":"if","locations":[{"start":{"line":57,"column":4},"end":{"line":62,"column":5}},{"start":{},"end":{}}]},"9":{"loc":{"start":{"line":57,"column":8},"end":{"line":57,"column":58}},"type":"binary-expr","locations":[{"start":{"line":57,"column":8},"end":{"line":57,"column":18}},{"start":{"line":57,"column":22},"end":{"line":57,"column":58}}]},"10":{"loc":{"start":{"line":59,"column":6},"end":{"line":61,"column":7}},"type":"if","locations":[{"start":{"line":59,"column":6},"end":{"line":61,"column":7}},{"start":{},"end":{}}]},"11":{"loc":{"start":{"line":64,"column":4},"end":{"line":66,"column":5}},"type":"if","locations":[{"start":{"line":64,"column":4},"end":{"line":66,"column":5}},{"start":{},"end":{}}]},"12":{"loc":{"start":{"line":64,"column":8},"end":{"line":64,"column":85}},"type":"binary-expr","locations":[{"start":{"line":64,"column":8},"end":{"line":64,"column":27}},{"start":{"line":64,"column":31},"end":{"line":64,"column":85}}]}},"s":{"0":8,"1":8,"2":5,"3":1,"4":4,"5":4,"6":1,"7":3,"8":3,"9":1,"10":2,"11":2,"12":1,"13":1,"14":0,"15":3,"16":3,"17":0,"18":3,"19":0,"20":0,"21":0,"22":0,"23":3,"24":3,"25":1,"26":1,"27":1,"28":2,"29":1,"30":1,"31":0,"32":0,"33":1},"f":{"0":5,"1":0,"2":3,"3":0,"4":3,"5":0},"b":{"0":[1,4],"1":[5,4,4,4,4],"2":[1,3],"3":[4,3],"4":[1,2],"5":[1,1],"6":[0,3],"7":[0,0],"8":[1,2],"9":[3,1],"10":[1,0],"11":[1,1],"12":[2,1]}}
}
